/cluster/home/it_stu110/.conda/envs/my/lib/python3.6/site-packages/tensorflow/python/framework/dtypes.py:523: FutureWarning: Passing (type, 1) or '1type' as a synonym of type is deprecated; in a future version of numpy, it will be understood as (type, (1,)) / '(1,)type'.
  _np_qint8 = np.dtype([("qint8", np.int8, 1)])
/cluster/home/it_stu110/.conda/envs/my/lib/python3.6/site-packages/tensorflow/python/framework/dtypes.py:524: FutureWarning: Passing (type, 1) or '1type' as a synonym of type is deprecated; in a future version of numpy, it will be understood as (type, (1,)) / '(1,)type'.
  _np_quint8 = np.dtype([("quint8", np.uint8, 1)])
/cluster/home/it_stu110/.conda/envs/my/lib/python3.6/site-packages/tensorflow/python/framework/dtypes.py:525: FutureWarning: Passing (type, 1) or '1type' as a synonym of type is deprecated; in a future version of numpy, it will be understood as (type, (1,)) / '(1,)type'.
  _np_qint16 = np.dtype([("qint16", np.int16, 1)])
/cluster/home/it_stu110/.conda/envs/my/lib/python3.6/site-packages/tensorflow/python/framework/dtypes.py:526: FutureWarning: Passing (type, 1) or '1type' as a synonym of type is deprecated; in a future version of numpy, it will be understood as (type, (1,)) / '(1,)type'.
  _np_quint16 = np.dtype([("quint16", np.uint16, 1)])
/cluster/home/it_stu110/.conda/envs/my/lib/python3.6/site-packages/tensorflow/python/framework/dtypes.py:527: FutureWarning: Passing (type, 1) or '1type' as a synonym of type is deprecated; in a future version of numpy, it will be understood as (type, (1,)) / '(1,)type'.
  _np_qint32 = np.dtype([("qint32", np.int32, 1)])
/cluster/home/it_stu110/.conda/envs/my/lib/python3.6/site-packages/tensorflow/python/framework/dtypes.py:532: FutureWarning: Passing (type, 1) or '1type' as a synonym of type is deprecated; in a future version of numpy, it will be understood as (type, (1,)) / '(1,)type'.
  np_resource = np.dtype([("resource", np.ubyte, 1)])
System version: 3.6.10 |Anaconda, Inc.| (default, Jan  7 2020, 21:14:29) 
[GCC 7.3.0]
Pandas version: 1.0.1
Tensorflow version: 1.12.0
  0%|          | 0.00/4.81k [00:00<?, ?KB/s]  0%|          | 14.0/4.81k [00:00<01:16, 62.7KB/s]  1%|          | 43.0/4.81k [00:00<01:04, 74.1KB/s]  2%|▏         | 99.0/4.81k [00:00<00:50, 93.8KB/s]  4%|▍         | 212/4.81k [00:00<00:37, 124KB/s]    9%|▉         | 439/4.81k [00:01<00:25, 168KB/s] 19%|█▊        | 890/4.81k [00:01<00:16, 232KB/s] 37%|███▋      | 1.79k/4.81k [00:01<00:09, 323KB/s] 68%|██████▊   | 3.28k/4.81k [00:01<00:03, 458KB/s] 80%|████████  | 3.86k/4.81k [00:01<00:01, 623KB/s]100%|██████████| 4.81k/4.81k [00:01<00:00, 2.54kKB/s]
start getting data
start getting model
2020-06-03 16:30:46.106390: I tensorflow/core/platform/cpu_feature_guard.cc:141] Your CPU supports instructions that this TensorFlow binary was not compiled to use: AVX2 AVX512F FMA
2020-06-03 16:30:48.507828: I tensorflow/core/common_runtime/gpu/gpu_device.cc:1432] Found device 0 with properties: 
name: GeForce GTX 1080 Ti major: 6 minor: 1 memoryClockRate(GHz): 1.582
pciBusID: 0000:66:00.0
totalMemory: 10.92GiB freeMemory: 10.76GiB
2020-06-03 16:30:48.508130: I tensorflow/core/common_runtime/gpu/gpu_device.cc:1511] Adding visible gpu devices: 0
2020-06-03 16:30:49.230269: I tensorflow/core/common_runtime/gpu/gpu_device.cc:982] Device interconnect StreamExecutor with strength 1 edge matrix:
2020-06-03 16:30:49.230894: I tensorflow/core/common_runtime/gpu/gpu_device.cc:988]      0 
2020-06-03 16:30:49.231244: I tensorflow/core/common_runtime/gpu/gpu_device.cc:1001] 0:   N 
2020-06-03 16:30:49.231924: I tensorflow/core/common_runtime/gpu/gpu_device.cc:1115] Created TensorFlow device (/job:localhost/replica:0/task:0/device:GPU:0 with 10409 MB memory) -> physical GPU (device: 0, name: GeForce GTX 1080 Ti, pci bus id: 0000:66:00.0, compute capability: 6.1)
start training data
Took 529.2432818412781 seconds for training.
Took 3.333897829055786 seconds for prediction.
MAP:	0.049068
NDCG:	0.196658
Precision@K:	0.175928
Recall@K:	0.098142
