dataset density:0.001291
training model.......
parameters are:ratio=0.600000, reg_u=0.010000, reg_v=0.010000, latent_size=20, lr=0.000030, iters=1000
traning iteration: 0 ,loss: 1226775.827031, vali_rmse: 4.232751
traning iteration: 1 ,loss: 1226223.354615, vali_rmse: 4.231831
traning iteration: 2 ,loss: 1225426.601365, vali_rmse: 4.230504
traning iteration: 3 ,loss: 1224400.360342, vali_rmse: 4.228795
traning iteration: 4 ,loss: 1223155.631151, vali_rmse: 4.226722
traning iteration: 5 ,loss: 1221700.261159, vali_rmse: 4.224299
traning iteration: 6 ,loss: 1220039.448925, vali_rmse: 4.221535
traning iteration: 7 ,loss: 1218176.144178, vali_rmse: 4.218434
traning iteration: 8 ,loss: 1216111.370740, vali_rmse: 4.214999
traning iteration: 9 ,loss: 1213844.492790, vali_rmse: 4.211230
39.14969563484192
traning iteration: 10 ,loss: 1211373.440265, vali_rmse: 4.207124
traning iteration: 11 ,loss: 1208694.905781, vali_rmse: 4.202675
traning iteration: 12 ,loss: 1205804.522836, vali_rmse: 4.197877
traning iteration: 13 ,loss: 1202697.033164, vali_rmse: 4.192722
traning iteration: 14 ,loss: 1199366.449583, vali_rmse: 4.187200
traning iteration: 15 ,loss: 1195806.219582, vali_rmse: 4.181302
traning iteration: 16 ,loss: 1192009.393961, vali_rmse: 4.175017
traning iteration: 17 ,loss: 1187968.804036, vali_rmse: 4.168332
traning iteration: 18 ,loss: 1183677.250216, vali_rmse: 4.161237
traning iteration: 19 ,loss: 1179127.703983, vali_rmse: 4.153720
traning iteration: 20 ,loss: 1174313.524494, vali_rmse: 4.145771
traning iteration: 21 ,loss: 1169228.690082, vali_rmse: 4.137378
traning iteration: 22 ,loss: 1163868.043803, vali_rmse: 4.128535
traning iteration: 23 ,loss: 1158227.550898, vali_rmse: 4.119232
traning iteration: 24 ,loss: 1152304.564503, vali_rmse: 4.109466
traning iteration: 25 ,loss: 1146098.094212, vali_rmse: 4.099234
traning iteration: 26 ,loss: 1139609.070229, vali_rmse: 4.088534
traning iteration: 27 ,loss: 1132840.593786, vali_rmse: 4.077373
traning iteration: 28 ,loss: 1125798.162540, vali_rmse: 4.065755
traning iteration: 29 ,loss: 1118489.857735, vali_rmse: 4.053693
traning iteration: 30 ,loss: 1110926.478409, vali_rmse: 4.041202
traning iteration: 31 ,loss: 1103121.606942, vali_rmse: 4.028302
traning iteration: 32 ,loss: 1095091.590170, vali_rmse: 4.015017
traning iteration: 33 ,loss: 1086855.421325, vali_rmse: 4.001377
traning iteration: 34 ,loss: 1078434.510558, vali_rmse: 3.987414
traning iteration: 35 ,loss: 1069852.335959, vali_rmse: 3.973165
traning iteration: 36 ,loss: 1061133.972886, vali_rmse: 3.958669
traning iteration: 37 ,loss: 1052305.507047, vali_rmse: 3.943967
traning iteration: 38 ,loss: 1043393.345805, vali_rmse: 3.929102
traning iteration: 39 ,loss: 1034423.452145, vali_rmse: 3.914116
traning iteration: 40 ,loss: 1025420.535673, vali_rmse: 3.899047
traning iteration: 41 ,loss: 1016407.244052, vali_rmse: 3.883934
traning iteration: 42 ,loss: 1007403.404992, vali_rmse: 3.868809
traning iteration: 43 ,loss: 998425.372217, vali_rmse: 3.853697
traning iteration: 44 ,loss: 989485.527504, vali_rmse: 3.838619
traning iteration: 45 ,loss: 980591.984383, vali_rmse: 3.823586
traning iteration: 46 ,loss: 971748.527084, vali_rmse: 3.808602
traning iteration: 47 ,loss: 962954.801608, vali_rmse: 3.793666
traning iteration: 48 ,loss: 954206.755571, vali_rmse: 3.778764
traning iteration: 49 ,loss: 945497.301840, vali_rmse: 3.763883
traning iteration: 50 ,loss: 936817.160391, vali_rmse: 3.748999
traning iteration: 51 ,loss: 928155.815854, vali_rmse: 3.734090
traning iteration: 52 ,loss: 919502.517074, vali_rmse: 3.719130
traning iteration: 53 ,loss: 910847.241328, vali_rmse: 3.704096
traning iteration: 54 ,loss: 902181.550143, vali_rmse: 3.688965
traning iteration: 55 ,loss: 893499.275416, vali_rmse: 3.673720
traning iteration: 56 ,loss: 884796.992214, vali_rmse: 3.658349
traning iteration: 57 ,loss: 876074.255868, vali_rmse: 3.642845
traning iteration: 58 ,loss: 867333.603130, vali_rmse: 3.627208
traning iteration: 59 ,loss: 858580.337565, vali_rmse: 3.611444
traning iteration: 60 ,loss: 849822.135859, vali_rmse: 3.595565
traning iteration: 61 ,loss: 841068.522909, vali_rmse: 3.579585
traning iteration: 62 ,loss: 832330.268885, vali_rmse: 3.563525
traning iteration: 63 ,loss: 823618.761082, vali_rmse: 3.547407
traning iteration: 64 ,loss: 814945.398347, vali_rmse: 3.531254
traning iteration: 65 ,loss: 806321.047311, vali_rmse: 3.515089
traning iteration: 66 ,loss: 797755.589225, vali_rmse: 3.498935
traning iteration: 67 ,loss: 789257.575099, vali_rmse: 3.482811
traning iteration: 68 ,loss: 780833.996372, vali_rmse: 3.466736
traning iteration: 69 ,loss: 772490.169207, vali_rmse: 3.450725
traning iteration: 70 ,loss: 764229.723270, vali_rmse: 3.434789
traning iteration: 71 ,loss: 756054.680639, vali_rmse: 3.418937
traning iteration: 72 ,loss: 747965.607285, vali_rmse: 3.403173
traning iteration: 73 ,loss: 739961.818078, vali_rmse: 3.387501
traning iteration: 74 ,loss: 732041.616281, vali_rmse: 3.371921
traning iteration: 75 ,loss: 724202.549567, vali_rmse: 3.356430
traning iteration: 76 ,loss: 716441.666528, vali_rmse: 3.341026
traning iteration: 77 ,loss: 708755.760031, vali_rmse: 3.325702
traning iteration: 78 ,loss: 701141.586536, vali_rmse: 3.310456
traning iteration: 79 ,loss: 693596.053290, vali_rmse: 3.295279
traning iteration: 80 ,loss: 686116.368166, vali_rmse: 3.280169
traning iteration: 81 ,loss: 678700.149577, vali_rmse: 3.265119
traning iteration: 82 ,loss: 671345.496376, vali_rmse: 3.250125
traning iteration: 83 ,loss: 664051.019808, vali_rmse: 3.235184
traning iteration: 84 ,loss: 656815.841443, vali_rmse: 3.220293
traning iteration: 85 ,loss: 649639.562364, vali_rmse: 3.205451
traning iteration: 86 ,loss: 642522.209919, vali_rmse: 3.190655
traning iteration: 87 ,loss: 635464.168811, vali_rmse: 3.175907
traning iteration: 88 ,loss: 628466.103351, vali_rmse: 3.161206
traning iteration: 89 ,loss: 621528.877336, vali_rmse: 3.146552
traning iteration: 90 ,loss: 614653.477202, vali_rmse: 3.131948
traning iteration: 91 ,loss: 607840.943070, vali_rmse: 3.117394
traning iteration: 92 ,loss: 601092.310996, vali_rmse: 3.102893
traning iteration: 93 ,loss: 594408.568373, vali_rmse: 3.088446
traning iteration: 94 ,loss: 587790.623068, vali_rmse: 3.074056
traning iteration: 95 ,loss: 581239.285646, vali_rmse: 3.059724
traning iteration: 96 ,loss: 574755.263021, vali_rmse: 3.045453
traning iteration: 97 ,loss: 568339.161156, vali_rmse: 3.031245
traning iteration: 98 ,loss: 561991.494005, vali_rmse: 3.017102
traning iteration: 99 ,loss: 555712.695844, vali_rmse: 3.003026
traning iteration: 100 ,loss: 549503.134342, vali_rmse: 2.989019
traning iteration: 101 ,loss: 543363.122191, vali_rmse: 2.975085
traning iteration: 102 ,loss: 537292.925729, vali_rmse: 2.961225
traning iteration: 103 ,loss: 531292.769722, vali_rmse: 2.947442
traning iteration: 104 ,loss: 525362.838127, vali_rmse: 2.933738
traning iteration: 105 ,loss: 519503.271312, vali_rmse: 2.920116
traning iteration: 106 ,loss: 513714.160629, vali_rmse: 2.906577
traning iteration: 107 ,loss: 507995.541550, vali_rmse: 2.893125
traning iteration: 108 ,loss: 502347.386657, vali_rmse: 2.879761
traning iteration: 109 ,loss: 496769.599706, vali_rmse: 2.866487
traning iteration: 110 ,loss: 491262.011708, vali_rmse: 2.853305
traning iteration: 111 ,loss: 485824.379705, vali_rmse: 2.840216
traning iteration: 112 ,loss: 480456.388471, vali_rmse: 2.827221
traning iteration: 113 ,loss: 475157.655052, vali_rmse: 2.814322
traning iteration: 114 ,loss: 469927.735682, vali_rmse: 2.801519
traning iteration: 115 ,loss: 464766.134422, vali_rmse: 2.788813
traning iteration: 116 ,loss: 459672.312713, vali_rmse: 2.776204
traning iteration: 117 ,loss: 454645.699003, vali_rmse: 2.763693
traning iteration: 118 ,loss: 449685.697715, vali_rmse: 2.751280
traning iteration: 119 ,loss: 444791.696958, vali_rmse: 2.738965
traning iteration: 120 ,loss: 439963.074590, vali_rmse: 2.726749
traning iteration: 121 ,loss: 435199.202484, vali_rmse: 2.714631
traning iteration: 122 ,loss: 430499.449037, vali_rmse: 2.702611
traning iteration: 123 ,loss: 425863.180170, vali_rmse: 2.690690
traning iteration: 124 ,loss: 421289.759146, vali_rmse: 2.678867
traning iteration: 125 ,loss: 416778.545650, vali_rmse: 2.667142
traning iteration: 126 ,loss: 412328.894511, vali_rmse: 2.655514
traning iteration: 127 ,loss: 407940.154449, vali_rmse: 2.643985
traning iteration: 128 ,loss: 403611.667102, vali_rmse: 2.632553
traning iteration: 129 ,loss: 399342.766506, vali_rmse: 2.621219
traning iteration: 130 ,loss: 395132.779073, vali_rmse: 2.609981
traning iteration: 131 ,loss: 390981.024035, vali_rmse: 2.598840
traning iteration: 132 ,loss: 386886.814243, vali_rmse: 2.587795
traning iteration: 133 ,loss: 382849.457179, vali_rmse: 2.576846
traning iteration: 134 ,loss: 378868.256045, vali_rmse: 2.565992
traning iteration: 135 ,loss: 374942.510784, vali_rmse: 2.555234
traning iteration: 136 ,loss: 371071.518970, vali_rmse: 2.544569
traning iteration: 137 ,loss: 367254.576523, vali_rmse: 2.533998
traning iteration: 138 ,loss: 363490.978255, vali_rmse: 2.523521
traning iteration: 139 ,loss: 359780.018300, vali_rmse: 2.513136
traning iteration: 140 ,loss: 356120.990494, vali_rmse: 2.502844
traning iteration: 141 ,loss: 352513.188768, vali_rmse: 2.492643
traning iteration: 142 ,loss: 348955.907625, vali_rmse: 2.482533
traning iteration: 143 ,loss: 345448.442723, vali_rmse: 2.472513
traning iteration: 144 ,loss: 341990.091576, vali_rmse: 2.462583
traning iteration: 145 ,loss: 338580.154357, vali_rmse: 2.452742
traning iteration: 146 ,loss: 335217.934741, vali_rmse: 2.442989
traning iteration: 147 ,loss: 331902.740753, vali_rmse: 2.433324
traning iteration: 148 ,loss: 328633.885540, vali_rmse: 2.423746
traning iteration: 149 ,loss: 325410.688039, vali_rmse: 2.414254
traning iteration: 150 ,loss: 322232.473485, vali_rmse: 2.404847
traning iteration: 151 ,loss: 319098.573773, vali_rmse: 2.395526
traning iteration: 152 ,loss: 316008.327661, vali_rmse: 2.386289
traning iteration: 153 ,loss: 312961.080867, vali_rmse: 2.377135
traning iteration: 154 ,loss: 309956.186078, vali_rmse: 2.368063
traning iteration: 155 ,loss: 306993.002937, vali_rmse: 2.359074
traning iteration: 156 ,loss: 304070.898035, vali_rmse: 2.350166
traning iteration: 157 ,loss: 301189.244950, vali_rmse: 2.341339
traning iteration: 158 ,loss: 298347.424339, vali_rmse: 2.332591
traning iteration: 159 ,loss: 295544.824096, vali_rmse: 2.323923
traning iteration: 160 ,loss: 292780.839559, vali_rmse: 2.315333
traning iteration: 161 ,loss: 290054.873738, vali_rmse: 2.306820
traning iteration: 162 ,loss: 287366.337552, vali_rmse: 2.298385
traning iteration: 163 ,loss: 284714.650032, vali_rmse: 2.290026
traning iteration: 164 ,loss: 282099.238483, vali_rmse: 2.281742
traning iteration: 165 ,loss: 279519.538580, vali_rmse: 2.273533
traning iteration: 166 ,loss: 276974.994404, vali_rmse: 2.265398
traning iteration: 167 ,loss: 274465.058420, vali_rmse: 2.257336
traning iteration: 168 ,loss: 271989.191409, vali_rmse: 2.249346
traning iteration: 169 ,loss: 269546.862372, vali_rmse: 2.241429
traning iteration: 170 ,loss: 267137.548424, vali_rmse: 2.233583
traning iteration: 171 ,loss: 264760.734691, vali_rmse: 2.225807
traning iteration: 172 ,loss: 262415.914224, vali_rmse: 2.218101
traning iteration: 173 ,loss: 260102.587929, vali_rmse: 2.210464
traning iteration: 174 ,loss: 257820.264522, vali_rmse: 2.202895
traning iteration: 175 ,loss: 255568.460490, vali_rmse: 2.195394
traning iteration: 176 ,loss: 253346.700059, vali_rmse: 2.187959
traning iteration: 177 ,loss: 251154.515162, vali_rmse: 2.180591
traning iteration: 178 ,loss: 248991.445386, vali_rmse: 2.173289
traning iteration: 179 ,loss: 246857.037912, vali_rmse: 2.166052
traning iteration: 180 ,loss: 244750.847425, vali_rmse: 2.158878
traning iteration: 181 ,loss: 242672.436013, vali_rmse: 2.151769
traning iteration: 182 ,loss: 240621.373051, vali_rmse: 2.144722
traning iteration: 183 ,loss: 238597.235072, vali_rmse: 2.137738
traning iteration: 184 ,loss: 236599.605635, vali_rmse: 2.130815
traning iteration: 185 ,loss: 234628.075207, vali_rmse: 2.123954
traning iteration: 186 ,loss: 232682.241035, vali_rmse: 2.117153
traning iteration: 187 ,loss: 230761.707041, vali_rmse: 2.110411
traning iteration: 188 ,loss: 228866.083718, vali_rmse: 2.103729
traning iteration: 189 ,loss: 226994.988037, vali_rmse: 2.097106
traning iteration: 190 ,loss: 225148.043359, vali_rmse: 2.090540
traning iteration: 191 ,loss: 223324.879348, vali_rmse: 2.084032
traning iteration: 192 ,loss: 221525.131886, vali_rmse: 2.077580
traning iteration: 193 ,loss: 219748.442981, vali_rmse: 2.071185
traning iteration: 194 ,loss: 217994.460676, vali_rmse: 2.064845
traning iteration: 195 ,loss: 216262.838957, vali_rmse: 2.058561
traning iteration: 196 ,loss: 214553.237647, vali_rmse: 2.052331
traning iteration: 197 ,loss: 212865.322317, vali_rmse: 2.046155
traning iteration: 198 ,loss: 211198.764178, vali_rmse: 2.040032
traning iteration: 199 ,loss: 209553.239989, vali_rmse: 2.033962
traning iteration: 200 ,loss: 207928.431960, vali_rmse: 2.027944
traning iteration: 201 ,loss: 206324.027659, vali_rmse: 2.021978
traning iteration: 202 ,loss: 204739.719923, vali_rmse: 2.016063
traning iteration: 203 ,loss: 203175.206772, vali_rmse: 2.010199
traning iteration: 204 ,loss: 201630.191315, vali_rmse: 2.004385
traning iteration: 205 ,loss: 200104.381674, vali_rmse: 1.998621
traning iteration: 206 ,loss: 198597.490890, vali_rmse: 1.992906
traning iteration: 207 ,loss: 197109.236844, vali_rmse: 1.987240
traning iteration: 208 ,loss: 195639.342168, vali_rmse: 1.981621
traning iteration: 209 ,loss: 194187.534160, vali_rmse: 1.976051
traning iteration: 210 ,loss: 192753.544702, vali_rmse: 1.970528
traning iteration: 211 ,loss: 191337.110176, vali_rmse: 1.965051
traning iteration: 212 ,loss: 189937.971385, vali_rmse: 1.959621
traning iteration: 213 ,loss: 188555.873467, vali_rmse: 1.954237
traning iteration: 214 ,loss: 187190.565826, vali_rmse: 1.948898
traning iteration: 215 ,loss: 185841.802049, vali_rmse: 1.943604
traning iteration: 216 ,loss: 184509.339835, vali_rmse: 1.938354
traning iteration: 217 ,loss: 183192.940922, vali_rmse: 1.933149
traning iteration: 218 ,loss: 181892.371013, vali_rmse: 1.927987
traning iteration: 219 ,loss: 180607.399707, vali_rmse: 1.922868
traning iteration: 220 ,loss: 179337.800424, vali_rmse: 1.917792
traning iteration: 221 ,loss: 178083.350343, vali_rmse: 1.912758
traning iteration: 222 ,loss: 176843.830327, vali_rmse: 1.907766
traning iteration: 223 ,loss: 175619.024855, vali_rmse: 1.902816
traning iteration: 224 ,loss: 174408.721961, vali_rmse: 1.897906
traning iteration: 225 ,loss: 173212.713162, vali_rmse: 1.893038
traning iteration: 226 ,loss: 172030.793398, vali_rmse: 1.888209
traning iteration: 227 ,loss: 170862.760969, vali_rmse: 1.883420
traning iteration: 228 ,loss: 169708.417471, vali_rmse: 1.878671
traning iteration: 229 ,loss: 168567.567736, vali_rmse: 1.873961
traning iteration: 230 ,loss: 167440.019778, vali_rmse: 1.869289
traning iteration: 231 ,loss: 166325.584726, vali_rmse: 1.864656
traning iteration: 232 ,loss: 165224.076775, vali_rmse: 1.860060
traning iteration: 233 ,loss: 164135.313127, vali_rmse: 1.855502
traning iteration: 234 ,loss: 163059.113934, vali_rmse: 1.850981
traning iteration: 235 ,loss: 161995.302247, vali_rmse: 1.846497
traning iteration: 236 ,loss: 160943.703961, vali_rmse: 1.842049
traning iteration: 237 ,loss: 159904.147764, vali_rmse: 1.837637
traning iteration: 238 ,loss: 158876.465087, vali_rmse: 1.833261
traning iteration: 239 ,loss: 157860.490051, vali_rmse: 1.828920
traning iteration: 240 ,loss: 156856.059422, vali_rmse: 1.824614
traning iteration: 241 ,loss: 155863.012562, vali_rmse: 1.820343
traning iteration: 242 ,loss: 154881.191380, vali_rmse: 1.816106
traning iteration: 243 ,loss: 153910.440291, vali_rmse: 1.811904
traning iteration: 244 ,loss: 152950.606167, vali_rmse: 1.807734
traning iteration: 245 ,loss: 152001.538293, vali_rmse: 1.803598
traning iteration: 246 ,loss: 151063.088328, vali_rmse: 1.799496
traning iteration: 247 ,loss: 150135.110259, vali_rmse: 1.795425
traning iteration: 248 ,loss: 149217.460360, vali_rmse: 1.791387
traning iteration: 249 ,loss: 148309.997153, vali_rmse: 1.787382
traning iteration: 250 ,loss: 147412.581366, vali_rmse: 1.783407
traning iteration: 251 ,loss: 146525.075897, vali_rmse: 1.779465
traning iteration: 252 ,loss: 145647.345773, vali_rmse: 1.775553
traning iteration: 253 ,loss: 144779.258114, vali_rmse: 1.771672
traning iteration: 254 ,loss: 143920.682095, vali_rmse: 1.767822
traning iteration: 255 ,loss: 143071.488911, vali_rmse: 1.764002
traning iteration: 256 ,loss: 142231.551745, vali_rmse: 1.760212
traning iteration: 257 ,loss: 141400.745727, vali_rmse: 1.756451
traning iteration: 258 ,loss: 140578.947904, vali_rmse: 1.752720
traning iteration: 259 ,loss: 139766.037207, vali_rmse: 1.749018
traning iteration: 260 ,loss: 138961.894420, vali_rmse: 1.745345
traning iteration: 261 ,loss: 138166.402141, vali_rmse: 1.741700
traning iteration: 262 ,loss: 137379.444761, vali_rmse: 1.738084
traning iteration: 263 ,loss: 136600.908426, vali_rmse: 1.734495
traning iteration: 264 ,loss: 135830.681007, vali_rmse: 1.730934
traning iteration: 265 ,loss: 135068.652077, vali_rmse: 1.727401
traning iteration: 266 ,loss: 134314.712875, vali_rmse: 1.723895
traning iteration: 267 ,loss: 133568.756281, vali_rmse: 1.720416
traning iteration: 268 ,loss: 132830.676787, vali_rmse: 1.716963
traning iteration: 269 ,loss: 132100.370473, vali_rmse: 1.713537
traning iteration: 270 ,loss: 131377.734975, vali_rmse: 1.710137
traning iteration: 271 ,loss: 130662.669464, vali_rmse: 1.706763
traning iteration: 272 ,loss: 129955.074615, vali_rmse: 1.703415
traning iteration: 273 ,loss: 129254.852587, vali_rmse: 1.700092
traning iteration: 274 ,loss: 128561.906995, vali_rmse: 1.696795
traning iteration: 275 ,loss: 127876.142886, vali_rmse: 1.693522
traning iteration: 276 ,loss: 127197.466718, vali_rmse: 1.690274
traning iteration: 277 ,loss: 126525.786330, vali_rmse: 1.687051
traning iteration: 278 ,loss: 125861.010928, vali_rmse: 1.683852
traning iteration: 279 ,loss: 125203.051054, vali_rmse: 1.680676
traning iteration: 280 ,loss: 124551.818571, vali_rmse: 1.677525
traning iteration: 281 ,loss: 123907.226635, vali_rmse: 1.674397
traning iteration: 282 ,loss: 123269.189678, vali_rmse: 1.671293
traning iteration: 283 ,loss: 122637.623385, vali_rmse: 1.668212
traning iteration: 284 ,loss: 122012.444676, vali_rmse: 1.665154
traning iteration: 285 ,loss: 121393.571682, vali_rmse: 1.662118
traning iteration: 286 ,loss: 120780.923727, vali_rmse: 1.659105
traning iteration: 287 ,loss: 120174.421311, vali_rmse: 1.656115
traning iteration: 288 ,loss: 119573.986086, vali_rmse: 1.653146
traning iteration: 289 ,loss: 118979.540841, vali_rmse: 1.650199
traning iteration: 290 ,loss: 118391.009482, vali_rmse: 1.647274
traning iteration: 291 ,loss: 117808.317016, vali_rmse: 1.644371
traning iteration: 292 ,loss: 117231.389529, vali_rmse: 1.641489
traning iteration: 293 ,loss: 116660.154173, vali_rmse: 1.638628
traning iteration: 294 ,loss: 116094.539147, vali_rmse: 1.635788
traning iteration: 295 ,loss: 115534.473678, vali_rmse: 1.632968
traning iteration: 296 ,loss: 114979.888010, vali_rmse: 1.630169
traning iteration: 297 ,loss: 114430.713383, vali_rmse: 1.627391
traning iteration: 298 ,loss: 113886.882016, vali_rmse: 1.624632
traning iteration: 299 ,loss: 113348.327098, vali_rmse: 1.621894
traning iteration: 300 ,loss: 112814.982766, vali_rmse: 1.619175
traning iteration: 301 ,loss: 112286.784092, vali_rmse: 1.616476
traning iteration: 302 ,loss: 111763.667069, vali_rmse: 1.613797
traning iteration: 303 ,loss: 111245.568597, vali_rmse: 1.611137
traning iteration: 304 ,loss: 110732.426466, vali_rmse: 1.608495
traning iteration: 305 ,loss: 110224.179344, vali_rmse: 1.605873
traning iteration: 306 ,loss: 109720.766763, vali_rmse: 1.603270
traning iteration: 307 ,loss: 109222.129103, vali_rmse: 1.600685
traning iteration: 308 ,loss: 108728.207584, vali_rmse: 1.598118
traning iteration: 309 ,loss: 108238.944246, vali_rmse: 1.595570
traning iteration: 310 ,loss: 107754.281943, vali_rmse: 1.593040
traning iteration: 311 ,loss: 107274.164324, vali_rmse: 1.590528
traning iteration: 312 ,loss: 106798.535825, vali_rmse: 1.588033
traning iteration: 313 ,loss: 106327.341656, vali_rmse: 1.585556
traning iteration: 314 ,loss: 105860.527785, vali_rmse: 1.583097
traning iteration: 315 ,loss: 105398.040934, vali_rmse: 1.580655
traning iteration: 316 ,loss: 104939.828560, vali_rmse: 1.578230
traning iteration: 317 ,loss: 104485.838846, vali_rmse: 1.575822
traning iteration: 318 ,loss: 104036.020691, vali_rmse: 1.573431
traning iteration: 319 ,loss: 103590.323700, vali_rmse: 1.571056
traning iteration: 320 ,loss: 103148.698168, vali_rmse: 1.568698
traning iteration: 321 ,loss: 102711.095076, vali_rmse: 1.566357
traning iteration: 322 ,loss: 102277.466074, vali_rmse: 1.564032
traning iteration: 323 ,loss: 101847.763476, vali_rmse: 1.561723
traning iteration: 324 ,loss: 101421.940249, vali_rmse: 1.559429
traning iteration: 325 ,loss: 100999.949999, vali_rmse: 1.557152
traning iteration: 326 ,loss: 100581.746966, vali_rmse: 1.554891
traning iteration: 327 ,loss: 100167.286012, vali_rmse: 1.552645
traning iteration: 328 ,loss: 99756.522614, vali_rmse: 1.550414
traning iteration: 329 ,loss: 99349.412849, vali_rmse: 1.548199
traning iteration: 330 ,loss: 98945.913393, vali_rmse: 1.545999
traning iteration: 331 ,loss: 98545.981506, vali_rmse: 1.543814
traning iteration: 332 ,loss: 98149.575024, vali_rmse: 1.541644
traning iteration: 333 ,loss: 97756.652353, vali_rmse: 1.539488
traning iteration: 334 ,loss: 97367.172459, vali_rmse: 1.537348
traning iteration: 335 ,loss: 96981.094858, vali_rmse: 1.535222
traning iteration: 336 ,loss: 96598.379611, vali_rmse: 1.533110
traning iteration: 337 ,loss: 96218.987313, vali_rmse: 1.531012
traning iteration: 338 ,loss: 95842.879087, vali_rmse: 1.528929
traning iteration: 339 ,loss: 95470.016575, vali_rmse: 1.526860
traning iteration: 340 ,loss: 95100.361932, vali_rmse: 1.524805
traning iteration: 341 ,loss: 94733.877815, vali_rmse: 1.522763
traning iteration: 342 ,loss: 94370.527380, vali_rmse: 1.520735
traning iteration: 343 ,loss: 94010.274272, vali_rmse: 1.518721
traning iteration: 344 ,loss: 93653.082617, vali_rmse: 1.516721
traning iteration: 345 ,loss: 93298.917019, vali_rmse: 1.514733
traning iteration: 346 ,loss: 92947.742547, vali_rmse: 1.512759
traning iteration: 347 ,loss: 92599.524735, vali_rmse: 1.510798
traning iteration: 348 ,loss: 92254.229569, vali_rmse: 1.508850
traning iteration: 349 ,loss: 91911.823484, vali_rmse: 1.506915
traning iteration: 350 ,loss: 91572.273358, vali_rmse: 1.504993
traning iteration: 351 ,loss: 91235.546503, vali_rmse: 1.503083
traning iteration: 352 ,loss: 90901.610661, vali_rmse: 1.501187
traning iteration: 353 ,loss: 90570.433996, vali_rmse: 1.499302
traning iteration: 354 ,loss: 90241.985090, vali_rmse: 1.497430
traning iteration: 355 ,loss: 89916.232934, vali_rmse: 1.495570
traning iteration: 356 ,loss: 89593.146925, vali_rmse: 1.493723
traning iteration: 357 ,loss: 89272.696860, vali_rmse: 1.491887
traning iteration: 358 ,loss: 88954.852929, vali_rmse: 1.490064
traning iteration: 359 ,loss: 88639.585709, vali_rmse: 1.488253
traning iteration: 360 ,loss: 88326.866161, vali_rmse: 1.486453
traning iteration: 361 ,loss: 88016.665620, vali_rmse: 1.484665
traning iteration: 362 ,loss: 87708.955797, vali_rmse: 1.482888
traning iteration: 363 ,loss: 87403.708766, vali_rmse: 1.481123
traning iteration: 364 ,loss: 87100.896964, vali_rmse: 1.479370
traning iteration: 365 ,loss: 86800.493183, vali_rmse: 1.477628
traning iteration: 366 ,loss: 86502.470566, vali_rmse: 1.475897
traning iteration: 367 ,loss: 86206.802604, vali_rmse: 1.474177
traning iteration: 368 ,loss: 85913.463128, vali_rmse: 1.472469
traning iteration: 369 ,loss: 85622.426307, vali_rmse: 1.470771
traning iteration: 370 ,loss: 85333.666639, vali_rmse: 1.469084
traning iteration: 371 ,loss: 85047.158952, vali_rmse: 1.467408
traning iteration: 372 ,loss: 84762.878396, vali_rmse: 1.465743
traning iteration: 373 ,loss: 84480.800440, vali_rmse: 1.464089
traning iteration: 374 ,loss: 84200.900866, vali_rmse: 1.462445
traning iteration: 375 ,loss: 83923.155766, vali_rmse: 1.460811
traning iteration: 376 ,loss: 83647.541536, vali_rmse: 1.459188
traning iteration: 377 ,loss: 83374.034875, vali_rmse: 1.457575
traning iteration: 378 ,loss: 83102.612778, vali_rmse: 1.455972
traning iteration: 379 ,loss: 82833.252534, vali_rmse: 1.454380
traning iteration: 380 ,loss: 82565.931718, vali_rmse: 1.452797
traning iteration: 381 ,loss: 82300.628194, vali_rmse: 1.451225
traning iteration: 382 ,loss: 82037.320103, vali_rmse: 1.449662
traning iteration: 383 ,loss: 81775.985866, vali_rmse: 1.448110
traning iteration: 384 ,loss: 81516.604176, vali_rmse: 1.446567
traning iteration: 385 ,loss: 81259.153996, vali_rmse: 1.445034
traning iteration: 386 ,loss: 81003.614555, vali_rmse: 1.443510
traning iteration: 387 ,loss: 80749.965346, vali_rmse: 1.441996
traning iteration: 388 ,loss: 80498.186117, vali_rmse: 1.440492
traning iteration: 389 ,loss: 80248.256874, vali_rmse: 1.438996
traning iteration: 390 ,loss: 80000.157876, vali_rmse: 1.437510
traning iteration: 391 ,loss: 79753.869628, vali_rmse: 1.436034
traning iteration: 392 ,loss: 79509.372881, vali_rmse: 1.434566
traning iteration: 393 ,loss: 79266.648629, vali_rmse: 1.433108
traning iteration: 394 ,loss: 79025.678101, vali_rmse: 1.431659
traning iteration: 395 ,loss: 78786.442767, vali_rmse: 1.430219
traning iteration: 396 ,loss: 78548.924323, vali_rmse: 1.428787
traning iteration: 397 ,loss: 78313.104699, vali_rmse: 1.427365
traning iteration: 398 ,loss: 78078.966047, vali_rmse: 1.425951
traning iteration: 399 ,loss: 77846.490747, vali_rmse: 1.424546
traning iteration: 400 ,loss: 77615.661393, vali_rmse: 1.423150
traning iteration: 401 ,loss: 77386.460800, vali_rmse: 1.421762
traning iteration: 402 ,loss: 77158.871996, vali_rmse: 1.420383
traning iteration: 403 ,loss: 76932.878221, vali_rmse: 1.419012
traning iteration: 404 ,loss: 76708.462921, vali_rmse: 1.417649
traning iteration: 405 ,loss: 76485.609751, vali_rmse: 1.416295
traning iteration: 406 ,loss: 76264.302567, vali_rmse: 1.414949
traning iteration: 407 ,loss: 76044.525424, vali_rmse: 1.413612
traning iteration: 408 ,loss: 75826.262577, vali_rmse: 1.412282
traning iteration: 409 ,loss: 75609.498474, vali_rmse: 1.410961
traning iteration: 410 ,loss: 75394.217758, vali_rmse: 1.409648
traning iteration: 411 ,loss: 75180.405257, vali_rmse: 1.408343
traning iteration: 412 ,loss: 74968.045991, vali_rmse: 1.407045
traning iteration: 413 ,loss: 74757.125162, vali_rmse: 1.405756
traning iteration: 414 ,loss: 74547.628155, vali_rmse: 1.404474
traning iteration: 415 ,loss: 74339.540535, vali_rmse: 1.403200
traning iteration: 416 ,loss: 74132.848043, vali_rmse: 1.401934
traning iteration: 417 ,loss: 73927.536598, vali_rmse: 1.400675
traning iteration: 418 ,loss: 73723.592289, vali_rmse: 1.399424
traning iteration: 419 ,loss: 73521.001376, vali_rmse: 1.398180
traning iteration: 420 ,loss: 73319.750287, vali_rmse: 1.396944
traning iteration: 421 ,loss: 73119.825619, vali_rmse: 1.395716
traning iteration: 422 ,loss: 72921.214127, vali_rmse: 1.394494
traning iteration: 423 ,loss: 72723.902733, vali_rmse: 1.393280
traning iteration: 424 ,loss: 72527.878516, vali_rmse: 1.392074
traning iteration: 425 ,loss: 72333.128711, vali_rmse: 1.390874
traning iteration: 426 ,loss: 72139.640711, vali_rmse: 1.389682
traning iteration: 427 ,loss: 71947.402060, vali_rmse: 1.388497
traning iteration: 428 ,loss: 71756.400454, vali_rmse: 1.387319
traning iteration: 429 ,loss: 71566.623738, vali_rmse: 1.386148
traning iteration: 430 ,loss: 71378.059903, vali_rmse: 1.384983
traning iteration: 431 ,loss: 71190.697087, vali_rmse: 1.383826
traning iteration: 432 ,loss: 71004.523570, vali_rmse: 1.382676
traning iteration: 433 ,loss: 70819.527773, vali_rmse: 1.381532
traning iteration: 434 ,loss: 70635.698258, vali_rmse: 1.380396
traning iteration: 435 ,loss: 70453.023722, vali_rmse: 1.379266
traning iteration: 436 ,loss: 70271.493001, vali_rmse: 1.378142
traning iteration: 437 ,loss: 70091.095061, vali_rmse: 1.377026
traning iteration: 438 ,loss: 69911.819003, vali_rmse: 1.375915
traning iteration: 439 ,loss: 69733.654057, vali_rmse: 1.374812
traning iteration: 440 ,loss: 69556.589583, vali_rmse: 1.373715
traning iteration: 441 ,loss: 69380.615066, vali_rmse: 1.372624
traning iteration: 442 ,loss: 69205.720117, vali_rmse: 1.371540
traning iteration: 443 ,loss: 69031.894471, vali_rmse: 1.370462
traning iteration: 444 ,loss: 68859.127985, vali_rmse: 1.369391
traning iteration: 445 ,loss: 68687.410633, vali_rmse: 1.368325
traning iteration: 446 ,loss: 68516.732513, vali_rmse: 1.367266
traning iteration: 447 ,loss: 68347.083836, vali_rmse: 1.366214
traning iteration: 448 ,loss: 68178.454929, vali_rmse: 1.365167
traning iteration: 449 ,loss: 68010.836235, vali_rmse: 1.364126
traning iteration: 450 ,loss: 67844.218306, vali_rmse: 1.363092
traning iteration: 451 ,loss: 67678.591807, vali_rmse: 1.362064
traning iteration: 452 ,loss: 67513.947514, vali_rmse: 1.361041
traning iteration: 453 ,loss: 67350.276306, vali_rmse: 1.360025
traning iteration: 454 ,loss: 67187.569173, vali_rmse: 1.359014
traning iteration: 455 ,loss: 67025.817207, vali_rmse: 1.358009
traning iteration: 456 ,loss: 66865.011607, vali_rmse: 1.357011
traning iteration: 457 ,loss: 66705.143669, vali_rmse: 1.356018
traning iteration: 458 ,loss: 66546.204795, vali_rmse: 1.355030
traning iteration: 459 ,loss: 66388.186484, vali_rmse: 1.354049
traning iteration: 460 ,loss: 66231.080332, vali_rmse: 1.353073
traning iteration: 461 ,loss: 66074.878034, vali_rmse: 1.352103
traning iteration: 462 ,loss: 65919.571379, vali_rmse: 1.351138
traning iteration: 463 ,loss: 65765.152251, vali_rmse: 1.350179
traning iteration: 464 ,loss: 65611.612626, vali_rmse: 1.349225
traning iteration: 465 ,loss: 65458.944573, vali_rmse: 1.348277
traning iteration: 466 ,loss: 65307.140249, vali_rmse: 1.347335
traning iteration: 467 ,loss: 65156.191903, vali_rmse: 1.346397
traning iteration: 468 ,loss: 65006.091871, vali_rmse: 1.345466
traning iteration: 469 ,loss: 64856.832574, vali_rmse: 1.344539
traning iteration: 470 ,loss: 64708.406520, vali_rmse: 1.343618
traning iteration: 471 ,loss: 64560.806303, vali_rmse: 1.342702
traning iteration: 472 ,loss: 64414.024597, vali_rmse: 1.341792
traning iteration: 473 ,loss: 64268.054160, vali_rmse: 1.340886
traning iteration: 474 ,loss: 64122.887831, vali_rmse: 1.339986
traning iteration: 475 ,loss: 63978.518529, vali_rmse: 1.339091
traning iteration: 476 ,loss: 63834.939252, vali_rmse: 1.338201
traning iteration: 477 ,loss: 63692.143074, vali_rmse: 1.337317
traning iteration: 478 ,loss: 63550.123149, vali_rmse: 1.336437
traning iteration: 479 ,loss: 63408.872703, vali_rmse: 1.335562
traning iteration: 480 ,loss: 63268.385039, vali_rmse: 1.334692
traning iteration: 481 ,loss: 63128.653534, vali_rmse: 1.333828
traning iteration: 482 ,loss: 62989.671635, vali_rmse: 1.332968
traning iteration: 483 ,loss: 62851.432864, vali_rmse: 1.332113
traning iteration: 484 ,loss: 62713.930812, vali_rmse: 1.331263
traning iteration: 485 ,loss: 62577.159139, vali_rmse: 1.330417
traning iteration: 486 ,loss: 62441.111574, vali_rmse: 1.329577
traning iteration: 487 ,loss: 62305.781917, vali_rmse: 1.328741
traning iteration: 488 ,loss: 62171.164030, vali_rmse: 1.327910
traning iteration: 489 ,loss: 62037.251846, vali_rmse: 1.327084
traning iteration: 490 ,loss: 61904.039358, vali_rmse: 1.326262
traning iteration: 491 ,loss: 61771.520629, vali_rmse: 1.325445
traning iteration: 492 ,loss: 61639.689780, vali_rmse: 1.324633
traning iteration: 493 ,loss: 61508.540998, vali_rmse: 1.323825
traning iteration: 494 ,loss: 61378.068531, vali_rmse: 1.323022
traning iteration: 495 ,loss: 61248.266688, vali_rmse: 1.322223
traning iteration: 496 ,loss: 61119.129837, vali_rmse: 1.321429
traning iteration: 497 ,loss: 60990.652407, vali_rmse: 1.320640
traning iteration: 498 ,loss: 60862.828885, vali_rmse: 1.319854
traning iteration: 499 ,loss: 60735.653815, vali_rmse: 1.319074
traning iteration: 500 ,loss: 60609.121798, vali_rmse: 1.318297
traning iteration: 501 ,loss: 60483.227492, vali_rmse: 1.317525
traning iteration: 502 ,loss: 60357.965611, vali_rmse: 1.316757
traning iteration: 503 ,loss: 60233.330923, vali_rmse: 1.315994
traning iteration: 504 ,loss: 60109.318249, vali_rmse: 1.315235
traning iteration: 505 ,loss: 59985.922466, vali_rmse: 1.314480
traning iteration: 506 ,loss: 59863.138500, vali_rmse: 1.313730
traning iteration: 507 ,loss: 59740.961333, vali_rmse: 1.312983
traning iteration: 508 ,loss: 59619.385996, vali_rmse: 1.312241
traning iteration: 509 ,loss: 59498.407570, vali_rmse: 1.311503
traning iteration: 510 ,loss: 59378.021189, vali_rmse: 1.310769
traning iteration: 511 ,loss: 59258.222032, vali_rmse: 1.310039
traning iteration: 512 ,loss: 59139.005331, vali_rmse: 1.309313
traning iteration: 513 ,loss: 59020.366364, vali_rmse: 1.308592
traning iteration: 514 ,loss: 58902.300456, vali_rmse: 1.307874
traning iteration: 515 ,loss: 58784.802980, vali_rmse: 1.307160
traning iteration: 516 ,loss: 58667.869355, vali_rmse: 1.306450
traning iteration: 517 ,loss: 58551.495046, vali_rmse: 1.305745
traning iteration: 518 ,loss: 58435.675562, vali_rmse: 1.305043
traning iteration: 519 ,loss: 58320.406459, vali_rmse: 1.304345
traning iteration: 520 ,loss: 58205.683334, vali_rmse: 1.303651
traning iteration: 521 ,loss: 58091.501829, vali_rmse: 1.302961
traning iteration: 522 ,loss: 57977.857630, vali_rmse: 1.302274
traning iteration: 523 ,loss: 57864.746465, vali_rmse: 1.301592
traning iteration: 524 ,loss: 57752.164102, vali_rmse: 1.300913
traning iteration: 525 ,loss: 57640.106352, vali_rmse: 1.300238
traning iteration: 526 ,loss: 57528.569067, vali_rmse: 1.299567
traning iteration: 527 ,loss: 57417.548139, vali_rmse: 1.298899
traning iteration: 528 ,loss: 57307.039501, vali_rmse: 1.298235
traning iteration: 529 ,loss: 57197.039124, vali_rmse: 1.297575
traning iteration: 530 ,loss: 57087.543019, vali_rmse: 1.296919
traning iteration: 531 ,loss: 56978.547235, vali_rmse: 1.296266
traning iteration: 532 ,loss: 56870.047860, vali_rmse: 1.295617
traning iteration: 533 ,loss: 56762.041018, vali_rmse: 1.294971
traning iteration: 534 ,loss: 56654.522871, vali_rmse: 1.294329
traning iteration: 535 ,loss: 56547.489620, vali_rmse: 1.293690
traning iteration: 536 ,loss: 56440.937499, vali_rmse: 1.293055
traning iteration: 537 ,loss: 56334.862780, vali_rmse: 1.292423
traning iteration: 538 ,loss: 56229.261770, vali_rmse: 1.291795
traning iteration: 539 ,loss: 56124.130811, vali_rmse: 1.291171
traning iteration: 540 ,loss: 56019.466280, vali_rmse: 1.290549
traning iteration: 541 ,loss: 55915.264588, vali_rmse: 1.289932
traning iteration: 542 ,loss: 55811.522182, vali_rmse: 1.289317
traning iteration: 543 ,loss: 55708.235539, vali_rmse: 1.288706
traning iteration: 544 ,loss: 55605.401173, vali_rmse: 1.288099
traning iteration: 545 ,loss: 55503.015627, vali_rmse: 1.287494
traning iteration: 546 ,loss: 55401.075481, vali_rmse: 1.286893
traning iteration: 547 ,loss: 55299.577344, vali_rmse: 1.286295
traning iteration: 548 ,loss: 55198.517857, vali_rmse: 1.285701
traning iteration: 549 ,loss: 55097.893695, vali_rmse: 1.285110
traning iteration: 550 ,loss: 54997.701561, vali_rmse: 1.284522
traning iteration: 551 ,loss: 54897.938190, vali_rmse: 1.283937
traning iteration: 552 ,loss: 54798.600348, vali_rmse: 1.283356
traning iteration: 553 ,loss: 54699.684832, vali_rmse: 1.282777
traning iteration: 554 ,loss: 54601.188467, vali_rmse: 1.282202
traning iteration: 555 ,loss: 54503.108108, vali_rmse: 1.281630
traning iteration: 556 ,loss: 54405.440639, vali_rmse: 1.281061
traning iteration: 557 ,loss: 54308.182975, vali_rmse: 1.280495
traning iteration: 558 ,loss: 54211.332058, vali_rmse: 1.279932
traning iteration: 559 ,loss: 54114.884857, vali_rmse: 1.279372
traning iteration: 560 ,loss: 54018.838372, vali_rmse: 1.278816
traning iteration: 561 ,loss: 53923.189629, vali_rmse: 1.278262
traning iteration: 562 ,loss: 53827.935681, vali_rmse: 1.277712
traning iteration: 563 ,loss: 53733.073609, vali_rmse: 1.277164
traning iteration: 564 ,loss: 53638.600522, vali_rmse: 1.276619
traning iteration: 565 ,loss: 53544.513553, vali_rmse: 1.276078
traning iteration: 566 ,loss: 53450.809864, vali_rmse: 1.275539
traning iteration: 567 ,loss: 53357.486642, vali_rmse: 1.275003
traning iteration: 568 ,loss: 53264.541098, vali_rmse: 1.274470
traning iteration: 569 ,loss: 53171.970473, vali_rmse: 1.273940
traning iteration: 570 ,loss: 53079.772028, vali_rmse: 1.273413
traning iteration: 571 ,loss: 52987.943054, vali_rmse: 1.272889
traning iteration: 572 ,loss: 52896.480863, vali_rmse: 1.272367
traning iteration: 573 ,loss: 52805.382793, vali_rmse: 1.271848
traning iteration: 574 ,loss: 52714.646208, vali_rmse: 1.271333
traning iteration: 575 ,loss: 52624.268493, vali_rmse: 1.270819
traning iteration: 576 ,loss: 52534.247058, vali_rmse: 1.270309
traning iteration: 577 ,loss: 52444.579337, vali_rmse: 1.269802
traning iteration: 578 ,loss: 52355.262788, vali_rmse: 1.269297
traning iteration: 579 ,loss: 52266.294890, vali_rmse: 1.268795
traning iteration: 580 ,loss: 52177.673147, vali_rmse: 1.268295
traning iteration: 581 ,loss: 52089.395084, vali_rmse: 1.267799
traning iteration: 582 ,loss: 52001.458250, vali_rmse: 1.267305
traning iteration: 583 ,loss: 51913.860214, vali_rmse: 1.266813
traning iteration: 584 ,loss: 51826.598568, vali_rmse: 1.266325
traning iteration: 585 ,loss: 51739.670927, vali_rmse: 1.265839
traning iteration: 586 ,loss: 51653.074926, vali_rmse: 1.265355
traning iteration: 587 ,loss: 51566.808222, vali_rmse: 1.264874
traning iteration: 588 ,loss: 51480.868491, vali_rmse: 1.264396
traning iteration: 589 ,loss: 51395.253434, vali_rmse: 1.263921
traning iteration: 590 ,loss: 51309.960767, vali_rmse: 1.263447
traning iteration: 591 ,loss: 51224.988233, vali_rmse: 1.262977
traning iteration: 592 ,loss: 51140.333589, vali_rmse: 1.262509
traning iteration: 593 ,loss: 51055.994615, vali_rmse: 1.262043
traning iteration: 594 ,loss: 50971.969112, vali_rmse: 1.261580
traning iteration: 595 ,loss: 50888.254897, vali_rmse: 1.261120
traning iteration: 596 ,loss: 50804.849809, vali_rmse: 1.260662
traning iteration: 597 ,loss: 50721.751707, vali_rmse: 1.260206
traning iteration: 598 ,loss: 50638.958465, vali_rmse: 1.259753
traning iteration: 599 ,loss: 50556.467979, vali_rmse: 1.259302
traning iteration: 600 ,loss: 50474.278163, vali_rmse: 1.258854
traning iteration: 601 ,loss: 50392.386949, vali_rmse: 1.258408
traning iteration: 602 ,loss: 50310.792287, vali_rmse: 1.257964
traning iteration: 603 ,loss: 50229.492145, vali_rmse: 1.257523
traning iteration: 604 ,loss: 50148.484509, vali_rmse: 1.257084
traning iteration: 605 ,loss: 50067.767382, vali_rmse: 1.256647
traning iteration: 606 ,loss: 49987.338786, vali_rmse: 1.256213
traning iteration: 607 ,loss: 49907.196757, vali_rmse: 1.255781
traning iteration: 608 ,loss: 49827.339351, vali_rmse: 1.255352
traning iteration: 609 ,loss: 49747.764640, vali_rmse: 1.254925
traning iteration: 610 ,loss: 49668.470712, vali_rmse: 1.254500
traning iteration: 611 ,loss: 49589.455671, vali_rmse: 1.254077
traning iteration: 612 ,loss: 49510.717639, vali_rmse: 1.253657
traning iteration: 613 ,loss: 49432.254753, vali_rmse: 1.253238
traning iteration: 614 ,loss: 49354.065166, vali_rmse: 1.252822
traning iteration: 615 ,loss: 49276.147046, vali_rmse: 1.252409
traning iteration: 616 ,loss: 49198.498578, vali_rmse: 1.251997
traning iteration: 617 ,loss: 49121.117961, vali_rmse: 1.251588
traning iteration: 618 ,loss: 49044.003411, vali_rmse: 1.251180
traning iteration: 619 ,loss: 48967.153156, vali_rmse: 1.250775
traning iteration: 620 ,loss: 48890.565441, vali_rmse: 1.250373
traning iteration: 621 ,loss: 48814.238526, vali_rmse: 1.249972
traning iteration: 622 ,loss: 48738.170685, vali_rmse: 1.249573
traning iteration: 623 ,loss: 48662.360205, vali_rmse: 1.249177
traning iteration: 624 ,loss: 48586.805389, vali_rmse: 1.248782
traning iteration: 625 ,loss: 48511.504554, vali_rmse: 1.248390
traning iteration: 626 ,loss: 48436.456029, vali_rmse: 1.248000
traning iteration: 627 ,loss: 48361.658159, vali_rmse: 1.247612
traning iteration: 628 ,loss: 48287.109301, vali_rmse: 1.247226
traning iteration: 629 ,loss: 48212.807826, vali_rmse: 1.246842
traning iteration: 630 ,loss: 48138.752117, vali_rmse: 1.246460
traning iteration: 631 ,loss: 48064.940573, vali_rmse: 1.246080
traning iteration: 632 ,loss: 47991.371603, vali_rmse: 1.245702
traning iteration: 633 ,loss: 47918.043630, vali_rmse: 1.245326
traning iteration: 634 ,loss: 47844.955090, vali_rmse: 1.244952
traning iteration: 635 ,loss: 47772.104431, vali_rmse: 1.244580
traning iteration: 636 ,loss: 47699.490114, vali_rmse: 1.244210
traning iteration: 637 ,loss: 47627.110610, vali_rmse: 1.243842
traning iteration: 638 ,loss: 47554.964406, vali_rmse: 1.243476
traning iteration: 639 ,loss: 47483.049997, vali_rmse: 1.243112
traning iteration: 640 ,loss: 47411.365892, vali_rmse: 1.242750
traning iteration: 641 ,loss: 47339.910611, vali_rmse: 1.242390
traning iteration: 642 ,loss: 47268.682686, vali_rmse: 1.242032
traning iteration: 643 ,loss: 47197.680661, vali_rmse: 1.241675
traning iteration: 644 ,loss: 47126.903090, vali_rmse: 1.241321
traning iteration: 645 ,loss: 47056.348538, vali_rmse: 1.240968
traning iteration: 646 ,loss: 46986.015583, vali_rmse: 1.240617
traning iteration: 647 ,loss: 46915.902811, vali_rmse: 1.240268
traning iteration: 648 ,loss: 46846.008822, vali_rmse: 1.239921
traning iteration: 649 ,loss: 46776.332225, vali_rmse: 1.239576
traning iteration: 650 ,loss: 46706.871639, vali_rmse: 1.239233
traning iteration: 651 ,loss: 46637.625695, vali_rmse: 1.238891
traning iteration: 652 ,loss: 46568.593034, vali_rmse: 1.238551
traning iteration: 653 ,loss: 46499.772306, vali_rmse: 1.238213
traning iteration: 654 ,loss: 46431.162172, vali_rmse: 1.237877
traning iteration: 655 ,loss: 46362.761304, vali_rmse: 1.237543
traning iteration: 656 ,loss: 46294.568382, vali_rmse: 1.237210
traning iteration: 657 ,loss: 46226.582098, vali_rmse: 1.236879
traning iteration: 658 ,loss: 46158.801152, vali_rmse: 1.236550
traning iteration: 659 ,loss: 46091.224254, vali_rmse: 1.236223
traning iteration: 660 ,loss: 46023.850124, vali_rmse: 1.235897
traning iteration: 661 ,loss: 45956.677492, vali_rmse: 1.235573
traning iteration: 662 ,loss: 45889.705095, vali_rmse: 1.235251
traning iteration: 663 ,loss: 45822.931683, vali_rmse: 1.234931
traning iteration: 664 ,loss: 45756.356012, vali_rmse: 1.234612
traning iteration: 665 ,loss: 45689.976849, vali_rmse: 1.234295
traning iteration: 666 ,loss: 45623.792968, vali_rmse: 1.233979
traning iteration: 667 ,loss: 45557.803154, vali_rmse: 1.233666
traning iteration: 668 ,loss: 45492.006200, vali_rmse: 1.233353
traning iteration: 669 ,loss: 45426.400907, vali_rmse: 1.233043
traning iteration: 670 ,loss: 45360.986087, vali_rmse: 1.232734
traning iteration: 671 ,loss: 45295.760559, vali_rmse: 1.232427
traning iteration: 672 ,loss: 45230.723150, vali_rmse: 1.232122
traning iteration: 673 ,loss: 45165.872696, vali_rmse: 1.231818
traning iteration: 674 ,loss: 45101.208043, vali_rmse: 1.231516
traning iteration: 675 ,loss: 45036.728043, vali_rmse: 1.231215
traning iteration: 676 ,loss: 44972.431557, vali_rmse: 1.230916
traning iteration: 677 ,loss: 44908.317454, vali_rmse: 1.230618
traning iteration: 678 ,loss: 44844.384614, vali_rmse: 1.230322
traning iteration: 679 ,loss: 44780.631920, vali_rmse: 1.230028
traning iteration: 680 ,loss: 44717.058267, vali_rmse: 1.229735
traning iteration: 681 ,loss: 44653.662557, vali_rmse: 1.229444
traning iteration: 682 ,loss: 44590.443699, vali_rmse: 1.229155
traning iteration: 683 ,loss: 44527.400611, vali_rmse: 1.228866
traning iteration: 684 ,loss: 44464.532217, vali_rmse: 1.228580
traning iteration: 685 ,loss: 44401.837451, vali_rmse: 1.228295
traning iteration: 686 ,loss: 44339.315254, vali_rmse: 1.228011
traning iteration: 687 ,loss: 44276.964573, vali_rmse: 1.227729
traning iteration: 688 ,loss: 44214.784365, vali_rmse: 1.227449
traning iteration: 689 ,loss: 44152.773592, vali_rmse: 1.227170
traning iteration: 690 ,loss: 44090.931227, vali_rmse: 1.226892
traning iteration: 691 ,loss: 44029.256246, vali_rmse: 1.226616
traning iteration: 692 ,loss: 43967.747636, vali_rmse: 1.226342
traning iteration: 693 ,loss: 43906.404389, vali_rmse: 1.226068
traning iteration: 694 ,loss: 43845.225507, vali_rmse: 1.225797
traning iteration: 695 ,loss: 43784.209996, vali_rmse: 1.225527
traning iteration: 696 ,loss: 43723.356870, vali_rmse: 1.225258
traning iteration: 697 ,loss: 43662.665153, vali_rmse: 1.224991
traning iteration: 698 ,loss: 43602.133873, vali_rmse: 1.224725
traning iteration: 699 ,loss: 43541.762066, vali_rmse: 1.224460
traning iteration: 700 ,loss: 43481.548775, vali_rmse: 1.224197
traning iteration: 701 ,loss: 43421.493050, vali_rmse: 1.223935
traning iteration: 702 ,loss: 43361.593948, vali_rmse: 1.223675
traning iteration: 703 ,loss: 43301.850534, vali_rmse: 1.223416
traning iteration: 704 ,loss: 43242.261877, vali_rmse: 1.223159
traning iteration: 705 ,loss: 43182.827056, vali_rmse: 1.222903
traning iteration: 706 ,loss: 43123.545154, vali_rmse: 1.222648
traning iteration: 707 ,loss: 43064.415264, vali_rmse: 1.222395
traning iteration: 708 ,loss: 43005.436483, vali_rmse: 1.222143
traning iteration: 709 ,loss: 42946.607915, vali_rmse: 1.221892
traning iteration: 710 ,loss: 42887.928672, vali_rmse: 1.221643
traning iteration: 711 ,loss: 42829.397872, vali_rmse: 1.221395
traning iteration: 712 ,loss: 42771.014638, vali_rmse: 1.221148
traning iteration: 713 ,loss: 42712.778103, vali_rmse: 1.220903
traning iteration: 714 ,loss: 42654.687403, vali_rmse: 1.220659
traning iteration: 715 ,loss: 42596.741682, vali_rmse: 1.220416
traning iteration: 716 ,loss: 42538.940091, vali_rmse: 1.220175
traning iteration: 717 ,loss: 42481.281786, vali_rmse: 1.219935
traning iteration: 718 ,loss: 42423.765931, vali_rmse: 1.219696
traning iteration: 719 ,loss: 42366.391695, vali_rmse: 1.219458
traning iteration: 720 ,loss: 42309.158253, vali_rmse: 1.219222
traning iteration: 721 ,loss: 42252.064788, vali_rmse: 1.218987
traning iteration: 722 ,loss: 42195.110488, vali_rmse: 1.218754
traning iteration: 723 ,loss: 42138.294546, vali_rmse: 1.218521
traning iteration: 724 ,loss: 42081.616165, vali_rmse: 1.218290
traning iteration: 725 ,loss: 42025.074550, vali_rmse: 1.218060
traning iteration: 726 ,loss: 41968.668914, vali_rmse: 1.217832
traning iteration: 727 ,loss: 41912.398475, vali_rmse: 1.217604
traning iteration: 728 ,loss: 41856.262460, vali_rmse: 1.217378
traning iteration: 729 ,loss: 41800.260098, vali_rmse: 1.217153
traning iteration: 730 ,loss: 41744.390626, vali_rmse: 1.216929
traning iteration: 731 ,loss: 41688.653287, vali_rmse: 1.216707
traning iteration: 732 ,loss: 41633.047329, vali_rmse: 1.216486
traning iteration: 733 ,loss: 41577.572006, vali_rmse: 1.216265
traning iteration: 734 ,loss: 41522.226580, vali_rmse: 1.216047
traning iteration: 735 ,loss: 41467.010315, vali_rmse: 1.215829
traning iteration: 736 ,loss: 41411.922483, vali_rmse: 1.215612
traning iteration: 737 ,loss: 41356.962362, vali_rmse: 1.215397
traning iteration: 738 ,loss: 41302.129235, vali_rmse: 1.215183
traning iteration: 739 ,loss: 41247.422389, vali_rmse: 1.214970
traning iteration: 740 ,loss: 41192.841120, vali_rmse: 1.214758
traning iteration: 741 ,loss: 41138.384727, vali_rmse: 1.214547
traning iteration: 742 ,loss: 41084.052515, vali_rmse: 1.214338
traning iteration: 743 ,loss: 41029.843795, vali_rmse: 1.214129
traning iteration: 744 ,loss: 40975.757883, vali_rmse: 1.213922
traning iteration: 745 ,loss: 40921.794101, vali_rmse: 1.213716
traning iteration: 746 ,loss: 40867.951775, vali_rmse: 1.213511
traning iteration: 747 ,loss: 40814.230237, vali_rmse: 1.213307
traning iteration: 748 ,loss: 40760.628826, vali_rmse: 1.213105
traning iteration: 749 ,loss: 40707.146883, vali_rmse: 1.212903
traning iteration: 750 ,loss: 40653.783756, vali_rmse: 1.212703
traning iteration: 751 ,loss: 40600.538800, vali_rmse: 1.212503
traning iteration: 752 ,loss: 40547.411371, vali_rmse: 1.212305
traning iteration: 753 ,loss: 40494.400833, vali_rmse: 1.212108
traning iteration: 754 ,loss: 40441.506554, vali_rmse: 1.211912
traning iteration: 755 ,loss: 40388.727909, vali_rmse: 1.211717
traning iteration: 756 ,loss: 40336.064273, vali_rmse: 1.211523
traning iteration: 757 ,loss: 40283.515032, vali_rmse: 1.211330
traning iteration: 758 ,loss: 40231.079574, vali_rmse: 1.211138
traning iteration: 759 ,loss: 40178.757290, vali_rmse: 1.210947
traning iteration: 760 ,loss: 40126.547578, vali_rmse: 1.210758
traning iteration: 761 ,loss: 40074.449842, vali_rmse: 1.210569
traning iteration: 762 ,loss: 40022.463488, vali_rmse: 1.210381
traning iteration: 763 ,loss: 39970.587929, vali_rmse: 1.210195
traning iteration: 764 ,loss: 39918.822580, vali_rmse: 1.210009
traning iteration: 765 ,loss: 39867.166862, vali_rmse: 1.209825
traning iteration: 766 ,loss: 39815.620202, vali_rmse: 1.209642
traning iteration: 767 ,loss: 39764.182030, vali_rmse: 1.209459
traning iteration: 768 ,loss: 39712.851779, vali_rmse: 1.209278
traning iteration: 769 ,loss: 39661.628890, vali_rmse: 1.209098
traning iteration: 770 ,loss: 39610.512805, vali_rmse: 1.208918
traning iteration: 771 ,loss: 39559.502973, vali_rmse: 1.208740
traning iteration: 772 ,loss: 39508.598845, vali_rmse: 1.208563
traning iteration: 773 ,loss: 39457.799878, vali_rmse: 1.208386
traning iteration: 774 ,loss: 39407.105532, vali_rmse: 1.208211
traning iteration: 775 ,loss: 39356.515272, vali_rmse: 1.208036
traning iteration: 776 ,loss: 39306.028568, vali_rmse: 1.207863
traning iteration: 777 ,loss: 39255.644891, vali_rmse: 1.207691
traning iteration: 778 ,loss: 39205.363720, vali_rmse: 1.207519
traning iteration: 779 ,loss: 39155.184535, vali_rmse: 1.207349
traning iteration: 780 ,loss: 39105.106821, vali_rmse: 1.207179
traning iteration: 781 ,loss: 39055.130068, vali_rmse: 1.207011
traning iteration: 782 ,loss: 39005.253767, vali_rmse: 1.206843
traning iteration: 783 ,loss: 38955.477417, vali_rmse: 1.206677
traning iteration: 784 ,loss: 38905.800518, vali_rmse: 1.206511
traning iteration: 785 ,loss: 38856.222574, vali_rmse: 1.206346
traning iteration: 786 ,loss: 38806.743093, vali_rmse: 1.206183
traning iteration: 787 ,loss: 38757.361587, vali_rmse: 1.206020
traning iteration: 788 ,loss: 38708.077571, vali_rmse: 1.205858
traning iteration: 789 ,loss: 38658.890566, vali_rmse: 1.205697
traning iteration: 790 ,loss: 38609.800092, vali_rmse: 1.205537
traning iteration: 791 ,loss: 38560.805678, vali_rmse: 1.205378
traning iteration: 792 ,loss: 38511.906852, vali_rmse: 1.205219
traning iteration: 793 ,loss: 38463.103147, vali_rmse: 1.205062
traning iteration: 794 ,loss: 38414.394101, vali_rmse: 1.204906
traning iteration: 795 ,loss: 38365.779254, vali_rmse: 1.204750
traning iteration: 796 ,loss: 38317.258149, vali_rmse: 1.204595
traning iteration: 797 ,loss: 38268.830332, vali_rmse: 1.204442
traning iteration: 798 ,loss: 38220.495355, vali_rmse: 1.204289
traning iteration: 799 ,loss: 38172.252769, vali_rmse: 1.204137
traning iteration: 800 ,loss: 38124.102133, vali_rmse: 1.203986
traning iteration: 801 ,loss: 38076.043005, vali_rmse: 1.203836
traning iteration: 802 ,loss: 38028.074949, vali_rmse: 1.203686
traning iteration: 803 ,loss: 37980.197530, vali_rmse: 1.203538
traning iteration: 804 ,loss: 37932.410319, vali_rmse: 1.203390
traning iteration: 805 ,loss: 37884.712886, vali_rmse: 1.203244
traning iteration: 806 ,loss: 37837.104807, vali_rmse: 1.203098
traning iteration: 807 ,loss: 37789.585660, vali_rmse: 1.202953
traning iteration: 808 ,loss: 37742.155028, vali_rmse: 1.202808
traning iteration: 809 ,loss: 37694.812492, vali_rmse: 1.202665
traning iteration: 810 ,loss: 37647.557641, vali_rmse: 1.202523
traning iteration: 811 ,loss: 37600.390065, vali_rmse: 1.202381
traning iteration: 812 ,loss: 37553.309356, vali_rmse: 1.202240
traning iteration: 813 ,loss: 37506.315109, vali_rmse: 1.202100
traning iteration: 814 ,loss: 37459.406923, vali_rmse: 1.201961
traning iteration: 815 ,loss: 37412.584399, vali_rmse: 1.201823
traning iteration: 816 ,loss: 37365.847141, vali_rmse: 1.201685
traning iteration: 817 ,loss: 37319.194755, vali_rmse: 1.201549
traning iteration: 818 ,loss: 37272.626849, vali_rmse: 1.201413
traning iteration: 819 ,loss: 37226.143037, vali_rmse: 1.201278
traning iteration: 820 ,loss: 37179.742931, vali_rmse: 1.201143
traning iteration: 821 ,loss: 37133.426150, vali_rmse: 1.201010
traning iteration: 822 ,loss: 37087.192312, vali_rmse: 1.200877
traning iteration: 823 ,loss: 37041.041040, vali_rmse: 1.200745
traning iteration: 824 ,loss: 36994.971958, vali_rmse: 1.200614
traning iteration: 825 ,loss: 36948.984693, vali_rmse: 1.200484
traning iteration: 826 ,loss: 36903.078874, vali_rmse: 1.200354
traning iteration: 827 ,loss: 36857.254134, vali_rmse: 1.200226
traning iteration: 828 ,loss: 36811.510107, vali_rmse: 1.200098
traning iteration: 829 ,loss: 36765.846428, vali_rmse: 1.199971
traning iteration: 830 ,loss: 36720.262739, vali_rmse: 1.199844
traning iteration: 831 ,loss: 36674.758679, vali_rmse: 1.199719
traning iteration: 832 ,loss: 36629.333893, vali_rmse: 1.199594
traning iteration: 833 ,loss: 36583.988027, vali_rmse: 1.199469
traning iteration: 834 ,loss: 36538.720729, vali_rmse: 1.199346
traning iteration: 835 ,loss: 36493.531650, vali_rmse: 1.199224
traning iteration: 836 ,loss: 36448.420442, vali_rmse: 1.199102
traning iteration: 837 ,loss: 36403.386760, vali_rmse: 1.198981
traning iteration: 838 ,loss: 36358.430263, vali_rmse: 1.198860
traning iteration: 839 ,loss: 36313.550609, vali_rmse: 1.198740
traning iteration: 840 ,loss: 36268.747460, vali_rmse: 1.198622
traning iteration: 841 ,loss: 36224.020480, vali_rmse: 1.198503
traning iteration: 842 ,loss: 36179.369335, vali_rmse: 1.198386
traning iteration: 843 ,loss: 36134.793693, vali_rmse: 1.198269
traning iteration: 844 ,loss: 36090.293223, vali_rmse: 1.198153
traning iteration: 845 ,loss: 36045.867600, vali_rmse: 1.198038
traning iteration: 846 ,loss: 36001.516496, vali_rmse: 1.197923
traning iteration: 847 ,loss: 35957.239587, vali_rmse: 1.197810
traning iteration: 848 ,loss: 35913.036554, vali_rmse: 1.197696
traning iteration: 849 ,loss: 35868.907076, vali_rmse: 1.197584
traning iteration: 850 ,loss: 35824.850835, vali_rmse: 1.197472
traning iteration: 851 ,loss: 35780.867516, vali_rmse: 1.197361
traning iteration: 852 ,loss: 35736.956806, vali_rmse: 1.197251
traning iteration: 853 ,loss: 35693.118392, vali_rmse: 1.197141
traning iteration: 854 ,loss: 35649.351967, vali_rmse: 1.197032
traning iteration: 855 ,loss: 35605.657220, vali_rmse: 1.196924
traning iteration: 856 ,loss: 35562.033848, vali_rmse: 1.196817
traning iteration: 857 ,loss: 35518.481547, vali_rmse: 1.196710
traning iteration: 858 ,loss: 35475.000014, vali_rmse: 1.196603
traning iteration: 859 ,loss: 35431.588949, vali_rmse: 1.196498
traning iteration: 860 ,loss: 35388.248055, vali_rmse: 1.196393
traning iteration: 861 ,loss: 35344.977036, vali_rmse: 1.196289
traning iteration: 862 ,loss: 35301.775596, vali_rmse: 1.196185
traning iteration: 863 ,loss: 35258.643444, vali_rmse: 1.196082
traning iteration: 864 ,loss: 35215.580289, vali_rmse: 1.195980
traning iteration: 865 ,loss: 35172.585843, vali_rmse: 1.195879
traning iteration: 866 ,loss: 35129.659817, vali_rmse: 1.195778
traning iteration: 867 ,loss: 35086.801928, vali_rmse: 1.195678
traning iteration: 868 ,loss: 35044.011893, vali_rmse: 1.195578
traning iteration: 869 ,loss: 35001.289428, vali_rmse: 1.195479
traning iteration: 870 ,loss: 34958.634256, vali_rmse: 1.195381
traning iteration: 871 ,loss: 34916.046097, vali_rmse: 1.195283
traning iteration: 872 ,loss: 34873.524676, vali_rmse: 1.195186
traning iteration: 873 ,loss: 34831.069719, vali_rmse: 1.195090
traning iteration: 874 ,loss: 34788.680952, vali_rmse: 1.194994
traning iteration: 875 ,loss: 34746.358106, vali_rmse: 1.194899
traning iteration: 876 ,loss: 34704.100910, vali_rmse: 1.194804
traning iteration: 877 ,loss: 34661.909098, vali_rmse: 1.194711
traning iteration: 878 ,loss: 34619.782404, vali_rmse: 1.194617
traning iteration: 879 ,loss: 34577.720564, vali_rmse: 1.194525
traning iteration: 880 ,loss: 34535.723316, vali_rmse: 1.194433
traning iteration: 881 ,loss: 34493.790399, vali_rmse: 1.194341
traning iteration: 882 ,loss: 34451.921555, vali_rmse: 1.194251
traning iteration: 883 ,loss: 34410.116526, vali_rmse: 1.194160
traning iteration: 884 ,loss: 34368.375057, vali_rmse: 1.194071
traning iteration: 885 ,loss: 34326.696895, vali_rmse: 1.193982
traning iteration: 886 ,loss: 34285.081786, vali_rmse: 1.193894
traning iteration: 887 ,loss: 34243.529482, vali_rmse: 1.193806
traning iteration: 888 ,loss: 34202.039733, vali_rmse: 1.193719
traning iteration: 889 ,loss: 34160.612291, vali_rmse: 1.193632
traning iteration: 890 ,loss: 34119.246913, vali_rmse: 1.193546
traning iteration: 891 ,loss: 34077.943353, vali_rmse: 1.193461
traning iteration: 892 ,loss: 34036.701370, vali_rmse: 1.193376
traning iteration: 893 ,loss: 33995.520722, vali_rmse: 1.193292
traning iteration: 894 ,loss: 33954.401172, vali_rmse: 1.193208
traning iteration: 895 ,loss: 33913.342482, vali_rmse: 1.193125
traning iteration: 896 ,loss: 33872.344417, vali_rmse: 1.193042
traning iteration: 897 ,loss: 33831.406741, vali_rmse: 1.192961
traning iteration: 898 ,loss: 33790.529223, vali_rmse: 1.192879
traning iteration: 899 ,loss: 33749.711631, vali_rmse: 1.192798
traning iteration: 900 ,loss: 33708.953737, vali_rmse: 1.192718
traning iteration: 901 ,loss: 33668.255313, vali_rmse: 1.192639
traning iteration: 902 ,loss: 33627.616132, vali_rmse: 1.192559
traning iteration: 903 ,loss: 33587.035970, vali_rmse: 1.192481
traning iteration: 904 ,loss: 33546.514603, vali_rmse: 1.192403
traning iteration: 905 ,loss: 33506.051811, vali_rmse: 1.192325
traning iteration: 906 ,loss: 33465.647374, vali_rmse: 1.192249
traning iteration: 907 ,loss: 33425.301072, vali_rmse: 1.192172
traning iteration: 908 ,loss: 33385.012690, vali_rmse: 1.192097
traning iteration: 909 ,loss: 33344.782011, vali_rmse: 1.192021
traning iteration: 910 ,loss: 33304.608822, vali_rmse: 1.191947
traning iteration: 911 ,loss: 33264.492911, vali_rmse: 1.191872
traning iteration: 912 ,loss: 33224.434066, vali_rmse: 1.191799
traning iteration: 913 ,loss: 33184.432080, vali_rmse: 1.191726
traning iteration: 914 ,loss: 33144.486743, vali_rmse: 1.191653
traning iteration: 915 ,loss: 33104.597849, vali_rmse: 1.191581
traning iteration: 916 ,loss: 33064.765194, vali_rmse: 1.191510
traning iteration: 917 ,loss: 33024.988575, vali_rmse: 1.191439
traning iteration: 918 ,loss: 32985.267789, vali_rmse: 1.191368
traning iteration: 919 ,loss: 32945.602636, vali_rmse: 1.191298
traning iteration: 920 ,loss: 32905.992917, vali_rmse: 1.191229
traning iteration: 921 ,loss: 32866.438434, vali_rmse: 1.191160
traning iteration: 922 ,loss: 32826.938993, vali_rmse: 1.191092
traning iteration: 923 ,loss: 32787.494397, vali_rmse: 1.191024
traning iteration: 924 ,loss: 32748.104454, vali_rmse: 1.190956
traning iteration: 925 ,loss: 32708.768973, vali_rmse: 1.190889
traning iteration: 926 ,loss: 32669.487762, vali_rmse: 1.190823
traning iteration: 927 ,loss: 32630.260633, vali_rmse: 1.190757
traning iteration: 928 ,loss: 32591.087399, vali_rmse: 1.190692
traning iteration: 929 ,loss: 32551.967872, vali_rmse: 1.190627
traning iteration: 930 ,loss: 32512.901870, vali_rmse: 1.190563
traning iteration: 931 ,loss: 32473.889208, vali_rmse: 1.190499
traning iteration: 932 ,loss: 32434.929704, vali_rmse: 1.190435
traning iteration: 933 ,loss: 32396.023178, vali_rmse: 1.190373
traning iteration: 934 ,loss: 32357.169451, vali_rmse: 1.190310
traning iteration: 935 ,loss: 32318.368344, vali_rmse: 1.190248
traning iteration: 936 ,loss: 32279.619682, vali_rmse: 1.190187
traning iteration: 937 ,loss: 32240.923289, vali_rmse: 1.190126
traning iteration: 938 ,loss: 32202.278991, vali_rmse: 1.190065
traning iteration: 939 ,loss: 32163.686617, vali_rmse: 1.190005
traning iteration: 940 ,loss: 32125.145994, vali_rmse: 1.189946
traning iteration: 941 ,loss: 32086.656953, vali_rmse: 1.189887
traning iteration: 942 ,loss: 32048.219325, vali_rmse: 1.189828
traning iteration: 943 ,loss: 32009.832944, vali_rmse: 1.189770
traning iteration: 944 ,loss: 31971.497643, vali_rmse: 1.189713
traning iteration: 945 ,loss: 31933.213257, vali_rmse: 1.189656
traning iteration: 946 ,loss: 31894.979624, vali_rmse: 1.189599
traning iteration: 947 ,loss: 31856.796581, vali_rmse: 1.189543
traning iteration: 948 ,loss: 31818.663967, vali_rmse: 1.189487
traning iteration: 949 ,loss: 31780.581623, vali_rmse: 1.189432
traning iteration: 950 ,loss: 31742.549391, vali_rmse: 1.189377
traning iteration: 951 ,loss: 31704.567113, vali_rmse: 1.189322
traning iteration: 952 ,loss: 31666.634633, vali_rmse: 1.189268
traning iteration: 953 ,loss: 31628.751797, vali_rmse: 1.189215
traning iteration: 954 ,loss: 31590.918452, vali_rmse: 1.189162
traning iteration: 955 ,loss: 31553.134445, vali_rmse: 1.189109
traning iteration: 956 ,loss: 31515.399625, vali_rmse: 1.189057
traning iteration: 957 ,loss: 31477.713843, vali_rmse: 1.189005
traning iteration: 958 ,loss: 31440.076949, vali_rmse: 1.188954
traning iteration: 959 ,loss: 31402.488798, vali_rmse: 1.188903
traning iteration: 960 ,loss: 31364.949241, vali_rmse: 1.188853
traning iteration: 961 ,loss: 31327.458134, vali_rmse: 1.188803
traning iteration: 962 ,loss: 31290.015334, vali_rmse: 1.188753
traning iteration: 963 ,loss: 31252.620696, vali_rmse: 1.188704
traning iteration: 964 ,loss: 31215.274081, vali_rmse: 1.188656
traning iteration: 965 ,loss: 31177.975346, vali_rmse: 1.188607
traning iteration: 966 ,loss: 31140.724354, vali_rmse: 1.188560
traning iteration: 967 ,loss: 31103.520965, vali_rmse: 1.188512
traning iteration: 968 ,loss: 31066.365042, vali_rmse: 1.188465
traning iteration: 969 ,loss: 31029.256449, vali_rmse: 1.188419
traning iteration: 970 ,loss: 30992.195052, vali_rmse: 1.188372
traning iteration: 971 ,loss: 30955.180716, vali_rmse: 1.188327
traning iteration: 972 ,loss: 30918.213308, vali_rmse: 1.188281
traning iteration: 973 ,loss: 30881.292697, vali_rmse: 1.188237
traning iteration: 974 ,loss: 30844.418752, vali_rmse: 1.188192
traning iteration: 975 ,loss: 30807.591344, vali_rmse: 1.188148
traning iteration: 976 ,loss: 30770.810343, vali_rmse: 1.188104
traning iteration: 977 ,loss: 30734.075622, vali_rmse: 1.188061
traning iteration: 978 ,loss: 30697.387055, vali_rmse: 1.188018
traning iteration: 979 ,loss: 30660.744517, vali_rmse: 1.187976
traning iteration: 980 ,loss: 30624.147881, vali_rmse: 1.187934
traning iteration: 981 ,loss: 30587.597026, vali_rmse: 1.187892
traning iteration: 982 ,loss: 30551.091829, vali_rmse: 1.187851
traning iteration: 983 ,loss: 30514.632168, vali_rmse: 1.187810
traning iteration: 984 ,loss: 30478.217922, vali_rmse: 1.187770
traning iteration: 985 ,loss: 30441.848972, vali_rmse: 1.187730
traning iteration: 986 ,loss: 30405.525200, vali_rmse: 1.187690
traning iteration: 987 ,loss: 30369.246487, vali_rmse: 1.187651
traning iteration: 988 ,loss: 30333.012718, vali_rmse: 1.187612
traning iteration: 989 ,loss: 30296.823775, vali_rmse: 1.187574
traning iteration: 990 ,loss: 30260.679546, vali_rmse: 1.187535
traning iteration: 991 ,loss: 30224.579914, vali_rmse: 1.187498
traning iteration: 992 ,loss: 30188.524769, vali_rmse: 1.187460
traning iteration: 993 ,loss: 30152.513996, vali_rmse: 1.187423
traning iteration: 994 ,loss: 30116.547487, vali_rmse: 1.187387
traning iteration: 995 ,loss: 30080.625129, vali_rmse: 1.187351
traning iteration: 996 ,loss: 30044.746814, vali_rmse: 1.187315
traning iteration: 997 ,loss: 30008.912433, vali_rmse: 1.187279
traning iteration: 998 ,loss: 29973.121879, vali_rmse: 1.187244
traning iteration: 999 ,loss: 29937.375044, vali_rmse: 1.187210
  0%|          | 0/59 [00:00<?, ?it/s]  2%|         | 1/59 [00:03<03:09,  3.27s/it]  3%|         | 2/59 [00:06<03:04,  3.23s/it]  5%|         | 3/59 [00:09<03:01,  3.23s/it]  7%|         | 4/59 [00:12<02:57,  3.23s/it]  8%|         | 5/59 [00:16<02:54,  3.22s/it] 10%|         | 6/59 [00:19<02:49,  3.20s/it] 12%|        | 7/59 [00:22<02:46,  3.20s/it] 14%|        | 8/59 [00:25<02:45,  3.24s/it] 15%|        | 9/59 [00:28<02:41,  3.23s/it] 17%|        | 10/59 [00:32<02:38,  3.23s/it] 19%|        | 11/59 [00:35<02:35,  3.25s/it] 20%|        | 12/59 [00:38<02:32,  3.24s/it] 22%|       | 13/59 [00:41<02:27,  3.21s/it] 24%|       | 14/59 [00:45<02:24,  3.21s/it] 25%|       | 15/59 [00:48<02:21,  3.21s/it] 27%|       | 16/59 [00:51<02:18,  3.23s/it] 29%|       | 17/59 [00:54<02:15,  3.22s/it] 31%|       | 18/59 [00:57<02:11,  3.21s/it] 32%|      | 19/59 [01:01<02:10,  3.25s/it] 34%|      | 20/59 [01:04<02:06,  3.25s/it] 36%|      | 21/59 [01:07<02:02,  3.24s/it] 37%|      | 22/59 [01:11<02:00,  3.25s/it] 39%|      | 23/59 [01:14<01:56,  3.24s/it] 41%|      | 24/59 [01:17<01:52,  3.21s/it] 42%|     | 25/59 [01:20<01:48,  3.20s/it] 44%|     | 26/59 [01:23<01:45,  3.20s/it] 46%|     | 27/59 [01:27<01:43,  3.22s/it] 47%|     | 28/59 [01:30<01:39,  3.22s/it] 49%|     | 29/59 [01:33<01:36,  3.21s/it] 51%|     | 30/59 [01:36<01:33,  3.24s/it] 53%|    | 31/59 [01:39<01:30,  3.23s/it] 54%|    | 32/59 [01:43<01:26,  3.22s/it] 56%|    | 33/59 [01:46<01:23,  3.22s/it] 58%|    | 34/59 [01:49<01:20,  3.22s/it] 59%|    | 35/59 [01:52<01:16,  3.21s/it] 61%|    | 36/59 [01:55<01:13,  3.21s/it] 63%|   | 37/59 [01:59<01:10,  3.20s/it] 64%|   | 38/59 [02:02<01:07,  3.23s/it] 66%|   | 39/59 [02:05<01:04,  3.22s/it] 68%|   | 40/59 [02:08<01:00,  3.21s/it] 69%|   | 41/59 [02:12<00:57,  3.21s/it] 71%|   | 42/59 [02:15<00:54,  3.21s/it] 73%|  | 43/59 [02:18<00:51,  3.21s/it] 75%|  | 44/59 [02:21<00:48,  3.22s/it] 76%|  | 45/59 [02:24<00:45,  3.22s/it] 78%|  | 46/59 [02:28<00:41,  3.21s/it] 80%|  | 47/59 [02:31<00:38,  3.21s/it] 81%| | 48/59 [02:34<00:35,  3.21s/it] 83%| | 49/59 [02:37<00:32,  3.21s/it] 85%| | 50/59 [02:40<00:28,  3.20s/it] 86%| | 51/59 [02:44<00:25,  3.20s/it] 88%| | 52/59 [02:47<00:22,  3.22s/it] 90%| | 53/59 [02:50<00:19,  3.23s/it] 92%|| 54/59 [02:53<00:16,  3.22s/it] 93%|| 55/59 [02:57<00:12,  3.22s/it] 95%|| 56/59 [03:00<00:09,  3.23s/it] 97%|| 57/59 [03:03<00:06,  3.22s/it] 98%|| 58/59 [03:06<00:03,  3.22s/it]100%|| 59/59 [03:09<00:00,  3.23s/it]100%|| 59/59 [03:09<00:00,  3.22s/it]
hit rate: 0.001205 ndcg: 0.001540 recall: 0.002382
