/cluster/home/it_stu110/.conda/envs/my/lib/python3.6/site-packages/tensorflow/python/framework/dtypes.py:523: FutureWarning: Passing (type, 1) or '1type' as a synonym of type is deprecated; in a future version of numpy, it will be understood as (type, (1,)) / '(1,)type'.
  _np_qint8 = np.dtype([("qint8", np.int8, 1)])
/cluster/home/it_stu110/.conda/envs/my/lib/python3.6/site-packages/tensorflow/python/framework/dtypes.py:524: FutureWarning: Passing (type, 1) or '1type' as a synonym of type is deprecated; in a future version of numpy, it will be understood as (type, (1,)) / '(1,)type'.
  _np_quint8 = np.dtype([("quint8", np.uint8, 1)])
/cluster/home/it_stu110/.conda/envs/my/lib/python3.6/site-packages/tensorflow/python/framework/dtypes.py:525: FutureWarning: Passing (type, 1) or '1type' as a synonym of type is deprecated; in a future version of numpy, it will be understood as (type, (1,)) / '(1,)type'.
  _np_qint16 = np.dtype([("qint16", np.int16, 1)])
/cluster/home/it_stu110/.conda/envs/my/lib/python3.6/site-packages/tensorflow/python/framework/dtypes.py:526: FutureWarning: Passing (type, 1) or '1type' as a synonym of type is deprecated; in a future version of numpy, it will be understood as (type, (1,)) / '(1,)type'.
  _np_quint16 = np.dtype([("quint16", np.uint16, 1)])
/cluster/home/it_stu110/.conda/envs/my/lib/python3.6/site-packages/tensorflow/python/framework/dtypes.py:527: FutureWarning: Passing (type, 1) or '1type' as a synonym of type is deprecated; in a future version of numpy, it will be understood as (type, (1,)) / '(1,)type'.
  _np_qint32 = np.dtype([("qint32", np.int32, 1)])
/cluster/home/it_stu110/.conda/envs/my/lib/python3.6/site-packages/tensorflow/python/framework/dtypes.py:532: FutureWarning: Passing (type, 1) or '1type' as a synonym of type is deprecated; in a future version of numpy, it will be understood as (type, (1,)) / '(1,)type'.
  np_resource = np.dtype([("resource", np.ubyte, 1)])
batch_size,128
dataset,yelp_ON
dropout_rate,0.2
hidden_units,50
l2_emb,0.0
lr,0.001
maxlen,200
num_blocks,2
num_epochs,201
num_heads,1
train_dir,logs/
average sequence length: 18.02
load data: 1.2908551692962646
2020-04-30 15:53:03.990390: I tensorflow/core/platform/cpu_feature_guard.cc:141] Your CPU supports instructions that this TensorFlow binary was not compiled to use: AVX2 AVX512F FMA
2020-04-30 15:53:06.275446: I tensorflow/core/common_runtime/gpu/gpu_device.cc:1432] Found device 0 with properties: 
name: GeForce GTX 1080 Ti major: 6 minor: 1 memoryClockRate(GHz): 1.582
pciBusID: 0000:c1:00.0
totalMemory: 10.92GiB freeMemory: 10.77GiB
2020-04-30 15:53:06.275856: I tensorflow/core/common_runtime/gpu/gpu_device.cc:1511] Adding visible gpu devices: 0
2020-04-30 15:53:07.296288: I tensorflow/core/common_runtime/gpu/gpu_device.cc:982] Device interconnect StreamExecutor with strength 1 edge matrix:
2020-04-30 15:53:07.296765: I tensorflow/core/common_runtime/gpu/gpu_device.cc:988]      0 
2020-04-30 15:53:07.297142: I tensorflow/core/common_runtime/gpu/gpu_device.cc:1001] 0:   N 
2020-04-30 15:53:07.297679: I tensorflow/core/common_runtime/gpu/gpu_device.cc:1115] Created TensorFlow device (/job:localhost/replica:0/task:0/device:GPU:0 with 10420 MB memory) -> physical GPU (device: 0, name: GeForce GTX 1080 Ti, pci bus id: 0000:c1:00.0, compute capability: 6.1)
WARNING:tensorflow:From /cluster/home/it_stu110/.conda/envs/my/lib/python3.6/site-packages/tensorflow/python/util/tf_should_use.py:189: initialize_all_variables (from tensorflow.python.ops.variables) is deprecated and will be removed after 2017-03-02.
Instructions for updating:
Use `tf.global_variables_initializer` instead.
......................................................................................................................................................................................................................................................................................................................................................................................................................................................................................................................................................................................................................................................................................................................................................................................................................................................................................................................................................................................................................................................................................................................................................................................................................................................................................................................................................................................................................................................................................................................................................................................................................................................................................................................................................................................................................................................................................................................................................................................................................................................................................................................................................................................................................................Evaluating . . . . . . . . . . ..........
epoch:10, time: 95.561433(s), valid (NDCG@10: 0.0164, HR@10: 0.0308), test (NDCG@10: 0.0160, HR@10: 0.0295)
(0.016433574985015107, 0.0308) (0.01603304712611844, 0.0295)

......................................................................................................................................................................................................................................................................................................................................................................................................................................................................................................................................................................................................................................................................................................................................................................................................................................................................................................................................................................................................................................................................................................................................................................................................................................................................................................................................................................................................................................................................................................................................................................................................................................................................................................................................................................................................................................................................................................................................................................................................................................................................................................................................................................................................................................Evaluating . . . slurmstepd: error: *** JOB 415829 ON node13 CANCELLED AT 2020-04-30T17:06:36 ***
