/cluster/home/it_stu110/.conda/envs/my/lib/python3.6/site-packages/tensorflow/python/framework/dtypes.py:523: FutureWarning: Passing (type, 1) or '1type' as a synonym of type is deprecated; in a future version of numpy, it will be understood as (type, (1,)) / '(1,)type'.
  _np_qint8 = np.dtype([("qint8", np.int8, 1)])
/cluster/home/it_stu110/.conda/envs/my/lib/python3.6/site-packages/tensorflow/python/framework/dtypes.py:524: FutureWarning: Passing (type, 1) or '1type' as a synonym of type is deprecated; in a future version of numpy, it will be understood as (type, (1,)) / '(1,)type'.
  _np_quint8 = np.dtype([("quint8", np.uint8, 1)])
/cluster/home/it_stu110/.conda/envs/my/lib/python3.6/site-packages/tensorflow/python/framework/dtypes.py:525: FutureWarning: Passing (type, 1) or '1type' as a synonym of type is deprecated; in a future version of numpy, it will be understood as (type, (1,)) / '(1,)type'.
  _np_qint16 = np.dtype([("qint16", np.int16, 1)])
/cluster/home/it_stu110/.conda/envs/my/lib/python3.6/site-packages/tensorflow/python/framework/dtypes.py:526: FutureWarning: Passing (type, 1) or '1type' as a synonym of type is deprecated; in a future version of numpy, it will be understood as (type, (1,)) / '(1,)type'.
  _np_quint16 = np.dtype([("quint16", np.uint16, 1)])
/cluster/home/it_stu110/.conda/envs/my/lib/python3.6/site-packages/tensorflow/python/framework/dtypes.py:527: FutureWarning: Passing (type, 1) or '1type' as a synonym of type is deprecated; in a future version of numpy, it will be understood as (type, (1,)) / '(1,)type'.
  _np_qint32 = np.dtype([("qint32", np.int32, 1)])
/cluster/home/it_stu110/.conda/envs/my/lib/python3.6/site-packages/tensorflow/python/framework/dtypes.py:532: FutureWarning: Passing (type, 1) or '1type' as a synonym of type is deprecated; in a future version of numpy, it will be understood as (type, (1,)) / '(1,)type'.
  np_resource = np.dtype([("resource", np.ubyte, 1)])
batch_size,128
dataset,yelp_ON
dropout_rate,0.2
hidden_units,50
l2_emb,0.0
lr,0.001
maxlen,200
num_blocks,2
num_epochs,201
num_heads,1
train_dir,logs/
average sequence length: 18.02
load data: 1.0612306594848633
2020-04-30 13:43:14.825868: I tensorflow/core/platform/cpu_feature_guard.cc:141] Your CPU supports instructions that this TensorFlow binary was not compiled to use: AVX2 AVX512F FMA
2020-04-30 13:43:17.062787: I tensorflow/core/common_runtime/gpu/gpu_device.cc:1432] Found device 0 with properties: 
name: GeForce GTX 1080 Ti major: 6 minor: 1 memoryClockRate(GHz): 1.582
pciBusID: 0000:c1:00.0
totalMemory: 10.92GiB freeMemory: 10.77GiB
2020-04-30 13:43:17.063084: I tensorflow/core/common_runtime/gpu/gpu_device.cc:1511] Adding visible gpu devices: 0
2020-04-30 13:43:17.995093: I tensorflow/core/common_runtime/gpu/gpu_device.cc:982] Device interconnect StreamExecutor with strength 1 edge matrix:
2020-04-30 13:43:17.995534: I tensorflow/core/common_runtime/gpu/gpu_device.cc:988]      0 
2020-04-30 13:43:17.995949: I tensorflow/core/common_runtime/gpu/gpu_device.cc:1001] 0:   N 
2020-04-30 13:43:17.996457: I tensorflow/core/common_runtime/gpu/gpu_device.cc:1115] Created TensorFlow device (/job:localhost/replica:0/task:0/device:GPU:0 with 10420 MB memory) -> physical GPU (device: 0, name: GeForce GTX 1080 Ti, pci bus id: 0000:c1:00.0, compute capability: 6.1)
WARNING:tensorflow:From /cluster/home/it_stu110/.conda/envs/my/lib/python3.6/site-packages/tensorflow/python/util/tf_should_use.py:189: initialize_all_variables (from tensorflow.python.ops.variables) is deprecated and will be removed after 2017-03-02.
Instructions for updating:
Use `tf.global_variables_initializer` instead.
......................................................................................................................................................................................................................................................................................................................................................................................................................................................................................................................................................................................................................................................................................................................................................................................................................................................................................................................................................................................................................................................................................................................................................................................................................................................................................................................................................................................................................................................................................................................................................................................................................................................................................................................................................................................................................................................................................................................................................................................................................................................................................................................................................................................................................................Evaluating . . . . . . . . . . ..........
epoch:10, time: 92.668555(s), valid (NDCG@10: 0.0261, HR@10: 0.0470), test (NDCG@10: 0.0225, HR@10: 0.0421)
(0.026083668612588064, 0.047) (0.02246890537404214, 0.0421)

......................................................................................................................................................................................................................................................................................................................................................................................................................................................................................................................................................................................................................................................................................................................................................................................................................................................................................................................................................................................................................................................................................................................................................................................................................................................................................................................................................................................................................................................................................................................................................................................................................................................................................................................................................................................................................................................................................................................................................................................................................................................................................................................................................................................................................................Evaluating . . . . . . . . . . ..........
epoch:20, time: 180.477967(s), valid (NDCG@10: 0.0284, HR@10: 0.0516), test (NDCG@10: 0.0266, HR@10: 0.0484)
(0.02837953062131626, 0.0516) (0.026576465535995845, 0.0484)

......................................................................................................................................................................................................................................................................................................................................................................................................................................................................................................................................................................................................................................................................................................................................................................................................................................................................................................................................................................................................................................................................................................................................................................................................................................................................................................................................................................................................................................................................................................................................................................................................................................................................................................................................................................................................................................................................................................................................................................................................................................................................................................................................................................................................................................Evaluating . . . . . . . . . . ..........
epoch:30, time: 268.263593(s), valid (NDCG@10: 0.0330, HR@10: 0.0591), test (NDCG@10: 0.0274, HR@10: 0.0497)
(0.0329518237115165, 0.0591) (0.027394556312034204, 0.0497)

......................................................................................................................................................................................................................................................................................................................................................................................................................................................................................................................................................................................................................................................................................................................................................................................................................................................................................................................................................................................................................................................................................................................................................................................................................................................................................................................................................................................................................................................................................................................................................................................................................................................................................................................................................................................................................................................................................................................................................................................................................................................................................................................................................................................................................................Evaluating . . . slurmstepd: error: *** JOB 415694 ON node13 CANCELLED AT 2020-04-30T15:41:55 ***
